{"logTime": "1202/191952", "correlationVector":"EZButCZABmd3KQsZMrqasf.135","action":"GetUpdates", "result":"DeleteReceived", "context":{"id":"acb0317f-8788-46ac-825d-424bc1ddcc70", "isDeleted:":"true", "version":"1731778207550"}}
{"logTime": "1202/191952", "correlationVector":"EZButCZABmd3KQsZMrqasf.136","action":"GetUpdates", "result":"DeleteReceived", "context":{"id":"6e0abf25-75c2-4d2f-802c-085b89e4899c", "isDeleted:":"true", "version":"1731779159944"}}
{"logTime": "1202/191952", "correlationVector":"EZButCZABmd3KQsZMrqasf.137","action":"GetUpdates", "result":"DeleteReceived", "context":{"id":"63cd91b6-d716-4f81-b587-1ec1e226de0a", "isDeleted:":"true", "version":"1731782369729"}}
{"logTime": "1202/191952", "correlationVector":"EZButCZABmd3KQsZMrqasf.138","action":"GetUpdates", "result":"DeleteReceived", "context":{"id":"b079cce7-32bd-4782-a794-3af425a172b4", "isDeleted:":"true", "version":"1731782494710"}}
{"logTime": "1202/191952", "correlationVector":"EZButCZABmd3KQsZMrqasf.139","action":"GetUpdates", "result":"DeleteReceived", "context":{"id":"2c73ed17-4de1-45b2-8886-0d8512617a26", "isDeleted:":"true", "version":"1731783153031"}}
{"logTime": "1202/191952", "correlationVector":"EZButCZABmd3KQsZMrqasf.140","action":"GetUpdates", "result":"DeleteReceived", "context":{"id":"9f78a4c0-7275-4d81-9520-6db63be519bb", "isDeleted:":"true", "version":"1731783153032"}}
{"logTime": "1202/191952", "correlationVector":"EZButCZABmd3KQsZMrqasf.141","action":"GetUpdates", "result":"DeleteReceived", "context":{"id":"e4c4f70c-c907-4321-ba5b-fcf7e0793da0", "isDeleted:":"true", "version":"1731783439528"}}
{"logTime": "1202/191952", "correlationVector":"EZButCZABmd3KQsZMrqasf.142","action":"GetUpdates", "result":"DeleteReceived", "context":{"id":"9c8d6828-ab2e-42da-9738-8a52c3cb5dc7", "isDeleted:":"true", "version":"1731796658217"}}
{"logTime": "1202/191952", "correlationVector":"EZButCZABmd3KQsZMrqasf.143","action":"GetUpdates", "result":"DeleteReceived", "context":{"id":"e60a0605-4717-48fa-b905-8180cdb44c98", "isDeleted:":"true", "version":"1731796658218"}}
{"logTime": "1202/191952", "correlationVector":"EZButCZABmd3KQsZMrqasf.144","action":"GetUpdates", "result":"DeleteReceived", "context":{"id":"e11b6d54-821c-4d32-9443-4f8042beba98", "isDeleted:":"true", "version":"1731796658219"}}
{"logTime": "1202/191952", "correlationVector":"EZButCZABmd3KQsZMrqasf.145","action":"GetUpdates", "result":"DeleteReceived", "context":{"id":"44a1ce9c-bf4c-4074-815d-93cae155467d", "isDeleted:":"true", "version":"1731796687522"}}
{"logTime": "1202/191952", "correlationVector":"EZButCZABmd3KQsZMrqasf.146","action":"GetUpdates", "result":"DeleteReceived", "context":{"id":"8ab62b46-7372-4c27-8465-1fd2dc67741a", "isDeleted:":"true", "version":"1731844785461"}}
{"logTime": "1202/191952", "correlationVector":"EZButCZABmd3KQsZMrqasf.147","action":"GetUpdates", "result":"DeleteReceived", "context":{"id":"d2323c63-ecbb-48fb-abb4-66860f8e4d6c", "isDeleted:":"true", "version":"1731855664813"}}
{"logTime": "1202/191952", "correlationVector":"EZButCZABmd3KQsZMrqasf.148","action":"GetUpdates", "result":"DeleteReceived", "context":{"id":"e4c42de4-dfe4-4895-9c24-00690f6dba80", "isDeleted:":"true", "version":"1731855947234"}}
{"logTime": "1202/191952", "correlationVector":"EZButCZABmd3KQsZMrqasf.149","action":"GetUpdates", "result":"DeleteReceived", "context":{"id":"51f76e4d-b67a-43d6-9f29-6bb0b05d6aed", "isDeleted:":"true", "version":"1731856026671"}}
{"logTime": "1202/191952", "correlationVector":"EZButCZABmd3KQsZMrqasf.150","action":"GetUpdates", "result":"DeleteReceived", "context":{"id":"5732f04a-0f7f-4678-b6b3-b8d622f209cc", "isDeleted:":"true", "version":"1731856060136"}}
{"logTime": "1202/191952", "correlationVector":"EZButCZABmd3KQsZMrqasf.151","action":"GetUpdates", "result":"DeleteReceived", "context":{"id":"a46decd7-64aa-4ba6-b5ac-ae8bcc3fdb28", "isDeleted:":"true", "version":"1731874434016"}}
{"logTime": "1202/191952", "correlationVector":"EZButCZABmd3KQsZMrqasf.152","action":"GetUpdates", "result":"DeleteReceived", "context":{"id":"14fa447b-5cf0-409c-804d-fdec6aaea0c6", "isDeleted:":"true", "version":"1731928279972"}}
{"logTime": "1202/191952", "correlationVector":"EZButCZABmd3KQsZMrqasf.153","action":"GetUpdates", "result":"DeleteReceived", "context":{"id":"94f2b258-78e3-43cf-93b0-685f40ac8bd0", "isDeleted:":"true", "version":"1731943976922"}}
{"logTime": "1202/191952", "correlationVector":"EZButCZABmd3KQsZMrqasf.154","action":"GetUpdates", "result":"DeleteReceived", "context":{"id":"8a2a0560-285e-4db1-b265-6d0eddb3aa46", "isDeleted:":"true", "version":"1731944698045"}}
{"logTime": "1202/191952", "correlationVector":"EZButCZABmd3KQsZMrqasf.155","action":"GetUpdates", "result":"DeleteReceived", "context":{"id":"21106a83-aabb-4927-be3c-53ab2b5276f0", "isDeleted:":"true", "version":"1731956315466"}}
{"logTime": "1202/191952", "correlationVector":"EZButCZABmd3KQsZMrqasf.156","action":"GetUpdates", "result":"DeleteReceived", "context":{"id":"38841dc3-f2ca-4f59-a5a6-cb4794cc058f", "isDeleted:":"true", "version":"1731956315467"}}
{"logTime": "1202/191952", "correlationVector":"EZButCZABmd3KQsZMrqasf.157","action":"GetUpdates", "result":"DeleteReceived", "context":{"id":"282be853-5e1a-4b54-9887-ca7f1c1a931d", "isDeleted:":"true", "version":"1731956791970"}}
{"logTime": "1202/191952", "correlationVector":"EZButCZABmd3KQsZMrqasf.158","action":"GetUpdates", "result":"DeleteReceived", "context":{"id":"99e1700e-b956-4e89-afce-1a570a0b9ecd", "isDeleted:":"true", "version":"1731957005501"}}
{"logTime": "1202/191952", "correlationVector":"EZButCZABmd3KQsZMrqasf.159","action":"GetUpdates", "result":"DeleteReceived", "context":{"id":"bb80061f-a447-418c-83e0-28d1a4e33bdd", "isDeleted:":"true", "version":"1731957354798"}}
{"logTime": "1202/191952", "correlationVector":"EZButCZABmd3KQsZMrqasf.160","action":"GetUpdates", "result":"DeleteReceived", "context":{"id":"2afd6c5e-b7aa-4712-a35e-6f2d770558f9", "isDeleted:":"true", "version":"1731957392554"}}
{"logTime": "1202/191952", "correlationVector":"EZButCZABmd3KQsZMrqasf.161","action":"GetUpdates", "result":"DeleteReceived", "context":{"id":"815d4a47-3b24-4689-9de0-b967bae32889", "isDeleted:":"true", "version":"1731958373715"}}
{"logTime": "1202/191952", "correlationVector":"EZButCZABmd3KQsZMrqasf.162","action":"GetUpdates", "result":"DeleteReceived", "context":{"id":"f80116aa-a2ae-4941-904e-ff42b80c8d47", "isDeleted:":"true", "version":"1731958510511"}}
{"logTime": "1202/191952", "correlationVector":"EZButCZABmd3KQsZMrqasf.163","action":"GetUpdates", "result":"DeleteReceived", "context":{"id":"bdfbc917-37a3-4f7a-b302-16b09dec5b77", "isDeleted:":"true", "version":"1731959346960"}}
{"logTime": "1202/191952", "correlationVector":"EZButCZABmd3KQsZMrqasf.164","action":"GetUpdates", "result":"DeleteReceived", "context":{"id":"157e92f9-9c5b-42d4-92ab-0f9dd95f8ed3", "isDeleted:":"true", "version":"1731960367365"}}
{"logTime": "1202/191952", "correlationVector":"EZButCZABmd3KQsZMrqasf.165","action":"GetUpdates", "result":"DeleteReceived", "context":{"id":"c0a2828e-e828-456f-97a9-e02a2205010e", "isDeleted:":"true", "version":"1731961207103"}}
{"logTime": "1202/191952", "correlationVector":"EZButCZABmd3KQsZMrqasf.166","action":"GetUpdates", "result":"DeleteReceived", "context":{"id":"d8dff207-5a24-4c67-a7fc-917acf7d7345", "isDeleted:":"true", "version":"1731961602003"}}
{"logTime": "1202/191952", "correlationVector":"EZButCZABmd3KQsZMrqasf.167","action":"GetUpdates", "result":"DeleteReceived", "context":{"id":"132130fd-066e-47b0-b540-cc07345867dc", "isDeleted:":"true", "version":"1731961602004"}}
{"logTime": "1202/191952", "correlationVector":"EZButCZABmd3KQsZMrqasf.168","action":"GetUpdates", "result":"DeleteReceived", "context":{"id":"43df5f18-c276-49c9-9c04-918519e7707b", "isDeleted:":"true", "version":"1731961650142"}}
{"logTime": "1202/191952", "correlationVector":"EZButCZABmd3KQsZMrqasf.169","action":"GetUpdates", "result":"DeleteReceived", "context":{"id":"fca2fb70-93a6-450e-ae66-1d98ca77f95f", "isDeleted:":"true", "version":"1731961650144"}}
{"logTime": "1202/191952", "correlationVector":"EZButCZABmd3KQsZMrqasf.170","action":"GetUpdates", "result":"DeleteReceived", "context":{"id":"884b7ae7-a829-49c5-8e91-d609adc5d2b3", "isDeleted:":"true", "version":"1731961650145"}}
{"logTime": "1202/191952", "correlationVector":"EZButCZABmd3KQsZMrqasf.171","action":"GetUpdates", "result":"DeleteReceived", "context":{"id":"a778b67b-0a66-40a3-ba0e-fa9fba3724b7", "isDeleted:":"true", "version":"1731964455823"}}
{"logTime": "1202/191952", "correlationVector":"EZButCZABmd3KQsZMrqasf.172","action":"GetUpdates", "result":"DeleteReceived", "context":{"id":"0c92de62-90e1-4969-9a5d-c863a094bc62", "isDeleted:":"true", "version":"1731969023227"}}
{"logTime": "1202/191952", "correlationVector":"EZButCZABmd3KQsZMrqasf.173","action":"GetUpdates", "result":"DeleteReceived", "context":{"id":"5850d9e3-dbeb-44ad-84eb-40f293968e78", "isDeleted:":"true", "version":"1731969023228"}}
{"logTime": "1202/191952", "correlationVector":"EZButCZABmd3KQsZMrqasf.174","action":"GetUpdates", "result":"DeleteReceived", "context":{"id":"7d511012-1361-4ad8-b61c-25f7c9d8958b", "isDeleted:":"true", "version":"1731969023229"}}
{"logTime": "1202/191952", "correlationVector":"EZButCZABmd3KQsZMrqasf.175","action":"GetUpdates", "result":"DeleteReceived", "context":{"id":"bef6f96b-3d3d-4bf7-a051-e9e7e854721e", "isDeleted:":"true", "version":"1731969023231"}}
{"logTime": "1202/191952", "correlationVector":"EZButCZABmd3KQsZMrqasf.176","action":"GetUpdates", "result":"DeleteReceived", "context":{"id":"499dbdc0-ac73-4673-a017-c300ac8dfe12", "isDeleted:":"true", "version":"1731970427779"}}
{"logTime": "1202/191952", "correlationVector":"EZButCZABmd3KQsZMrqasf.177","action":"GetUpdates", "result":"DeleteReceived", "context":{"id":"aa19033b-7e49-4a3e-8565-cb9b12827d9e", "isDeleted:":"true", "version":"1731970427780"}}
{"logTime": "1202/191952", "correlationVector":"EZButCZABmd3KQsZMrqasf.178","action":"GetUpdates", "result":"DeleteReceived", "context":{"id":"07e13dae-c5cc-4811-a46a-fdb40386a7eb", "isDeleted:":"true", "version":"1731970767936"}}
{"logTime": "1202/191952", "correlationVector":"EZButCZABmd3KQsZMrqasf.179","action":"GetUpdates", "result":"DeleteReceived", "context":{"id":"052943d5-34e5-4b34-94d8-6147d5521e47", "isDeleted:":"true", "version":"1731971364136"}}
{"logTime": "1202/191952", "correlationVector":"EZButCZABmd3KQsZMrqasf.180","action":"GetUpdates", "result":"DeleteReceived", "context":{"id":"52bb3220-f1bb-44e6-b783-a3fa111ad71d", "isDeleted:":"true", "version":"1731972357411"}}
{"logTime": "1202/191952", "correlationVector":"EZButCZABmd3KQsZMrqasf.181","action":"GetUpdates", "result":"DeleteReceived", "context":{"id":"9634a17b-f32b-423c-885c-0f1c070382f5", "isDeleted:":"true", "version":"1731972357412"}}
{"logTime": "1202/191952", "correlationVector":"EZButCZABmd3KQsZMrqasf.182","action":"GetUpdates", "result":"DeleteReceived", "context":{"id":"6e7fd189-0757-4618-b049-69ee195a4f51", "isDeleted:":"true", "version":"1731972387724"}}
{"logTime": "1202/191952", "correlationVector":"EZButCZABmd3KQsZMrqasf.183","action":"GetUpdates", "result":"DeleteReceived", "context":{"id":"abb4a37a-debb-4662-98b8-7c479f437250", "isDeleted:":"true", "version":"1731972387727"}}
{"logTime": "1202/191952", "correlationVector":"EZButCZABmd3KQsZMrqasf.184","action":"GetUpdates", "result":"DeleteReceived", "context":{"id":"7982c17b-0bf2-416a-bd35-41749598a5c5", "isDeleted:":"true", "version":"1731972463438"}}
{"logTime": "1202/191952", "correlationVector":"EZButCZABmd3KQsZMrqasf.185","action":"GetUpdates", "result":"DeleteReceived", "context":{"id":"107d5f0f-f874-4cca-8291-f1dc3bc6f089", "isDeleted:":"true", "version":"1732016424581"}}
{"logTime": "1202/191952", "correlationVector":"EZButCZABmd3KQsZMrqasf.186","action":"GetUpdates", "result":"DeleteReceived", "context":{"id":"13d92aac-5d89-49b3-95a1-e693ab9bb07f", "isDeleted:":"true", "version":"1732016424582"}}
{"logTime": "1202/191952", "correlationVector":"EZButCZABmd3KQsZMrqasf.187","action":"GetUpdates", "result":"DeleteReceived", "context":{"id":"9e41572a-757a-4ee9-b6f8-3e9c33d40ed3", "isDeleted:":"true", "version":"1732045977969"}}
{"logTime": "1202/191952", "correlationVector":"EZButCZABmd3KQsZMrqasf.188","action":"GetUpdates", "result":"DeleteReceived", "context":{"id":"06c00fd2-189a-46a0-a80a-f5027a9d8972", "isDeleted:":"true", "version":"1732046004427"}}
{"logTime": "1202/191952", "correlationVector":"EZButCZABmd3KQsZMrqasf.189","action":"GetUpdates", "result":"DeleteReceived", "context":{"id":"541faf82-ce30-4d74-a579-fe9ef257d5ae", "isDeleted:":"true", "version":"1732048254288"}}
{"logTime": "1202/191952", "correlationVector":"EZButCZABmd3KQsZMrqasf.190","action":"GetUpdates", "result":"DeleteReceived", "context":{"id":"c8a52ee7-9905-4b5c-8cb3-f746c65fba7e", "isDeleted:":"true", "version":"1732048643605"}}
{"logTime": "1202/191952", "correlationVector":"EZButCZABmd3KQsZMrqasf.191","action":"GetUpdates", "result":"DeleteReceived", "context":{"id":"7c9e057c-4dde-4a64-a416-c07fb7b50362", "isDeleted:":"true", "version":"1732053141150"}}
{"logTime": "1202/191952", "correlationVector":"EZButCZABmd3KQsZMrqasf.192","action":"GetUpdates", "result":"DeleteReceived", "context":{"id":"a1556b9c-41d6-4302-abe4-3da04f7b2db6", "isDeleted:":"true", "version":"1732056004928"}}
{"logTime": "1202/191952", "correlationVector":"EZButCZABmd3KQsZMrqasf.193","action":"GetUpdates", "result":"DeleteReceived", "context":{"id":"eb8e4743-043c-4f6b-9bb3-af08acbc687b", "isDeleted:":"true", "version":"1732113499696"}}
{"logTime": "1202/191952", "correlationVector":"EZButCZABmd3KQsZMrqasf.194","action":"GetUpdates", "result":"DeleteReceived", "context":{"id":"909f4c0b-b5fe-40e1-b91e-b114b68017e4", "isDeleted:":"true", "version":"1732113499698"}}
{"logTime": "1202/191952", "correlationVector":"EZButCZABmd3KQsZMrqasf.195","action":"GetUpdates", "result":"DeleteReceived", "context":{"id":"33665dff-2189-4961-9e75-7c541f80049b", "isDeleted:":"true", "version":"1732119458303"}}
{"logTime": "1202/191952", "correlationVector":"EZButCZABmd3KQsZMrqasf.196","action":"GetUpdates", "result":"DeleteReceived", "context":{"id":"3c6196da-02d5-434d-ae06-35a053b782f5", "isDeleted:":"true", "version":"1732122611032"}}
{"logTime": "1202/191952", "correlationVector":"EZButCZABmd3KQsZMrqasf.197","action":"GetUpdates", "result":"DeleteReceived", "context":{"id":"91fd193c-06ae-4a85-a9cd-fa9baadfe81c", "isDeleted:":"true", "version":"1732136033649"}}
{"logTime": "1202/191952", "correlationVector":"EZButCZABmd3KQsZMrqasf.198","action":"GetUpdates", "result":"DeleteReceived", "context":{"id":"ec649715-d9a2-4273-8467-99a4909291f6", "isDeleted:":"true", "version":"1732136033650"}}
{"logTime": "1202/191952", "correlationVector":"EZButCZABmd3KQsZMrqasf.199","action":"GetUpdates", "result":"DeleteReceived", "context":{"id":"686a2160-16fc-4386-b0fc-3874c6df7353", "isDeleted:":"true", "version":"1732136708167"}}
{"logTime": "1202/191952", "correlationVector":"EZButCZABmd3KQsZMrqasf.200","action":"GetUpdates", "result":"DeleteReceived", "context":{"id":"8f67b03c-eb98-43e9-8bfb-a20d859d871c", "isDeleted:":"true", "version":"1732136768651"}}
{"logTime": "1202/191952", "correlationVector":"EZButCZABmd3KQsZMrqasf.201","action":"GetUpdates", "result":"DeleteReceived", "context":{"id":"23dfbc67-3be2-46e0-8be5-3e19225bde7e", "isDeleted:":"true", "version":"1732138149707"}}
{"logTime": "1202/191952", "correlationVector":"EZButCZABmd3KQsZMrqasf.202","action":"GetUpdates", "result":"DeleteReceived", "context":{"id":"8db09edb-d558-40de-b217-89dbf136fadf", "isDeleted:":"true", "version":"1732140435096"}}
{"logTime": "1202/191952", "correlationVector":"EZButCZABmd3KQsZMrqasf.203","action":"GetUpdates", "result":"DeleteReceived", "context":{"id":"b5bddc47-a568-4398-9767-b36df0e28e7c", "isDeleted:":"true", "version":"1732140435097"}}
{"logTime": "1202/191952", "correlationVector":"EZButCZABmd3KQsZMrqasf.204","action":"GetUpdates", "result":"DeleteReceived", "context":{"id":"fd6a244a-eab9-49df-9073-2d0e36db52c5", "isDeleted:":"true", "version":"1732140435098"}}
{"logTime": "1202/191952", "correlationVector":"EZButCZABmd3KQsZMrqasf.205","action":"GetUpdates", "result":"DeleteReceived", "context":{"id":"e6fe4637-dca2-4436-b5b3-4e6844de546a", "isDeleted:":"true", "version":"1732140435099"}}
{"logTime": "1202/191952", "correlationVector":"EZButCZABmd3KQsZMrqasf.206","action":"GetUpdates", "result":"DeleteReceived", "context":{"id":"160e2479-b256-4732-8d2f-aea7513c28bf", "isDeleted:":"true", "version":"1732140435100"}}
{"logTime": "1202/191952", "correlationVector":"EZButCZABmd3KQsZMrqasf.207","action":"GetUpdates", "result":"DeleteReceived", "context":{"id":"0257f5b5-af16-4f4a-b437-0adee6cf0c87", "isDeleted:":"true", "version":"1732140435102"}}
{"logTime": "1202/191952", "correlationVector":"EZButCZABmd3KQsZMrqasf.208","action":"GetUpdates", "result":"DeleteReceived", "context":{"id":"7e29ee85-dc33-4639-add1-d8faa3de2872", "isDeleted:":"true", "version":"1732140435103"}}
{"logTime": "1202/191952", "correlationVector":"EZButCZABmd3KQsZMrqasf.209","action":"GetUpdates", "result":"DeleteReceived", "context":{"id":"341f039b-c224-4912-ac32-38e29aa85f2e", "isDeleted:":"true", "version":"1732140435104"}}
{"logTime": "1202/191952", "correlationVector":"EZButCZABmd3KQsZMrqasf.210","action":"GetUpdates", "result":"DeleteReceived", "context":{"id":"e05ccee9-ca0e-4009-91d4-0153b04e1c5c", "isDeleted:":"true", "version":"1732214240790"}}
{"logTime": "1202/191952", "correlationVector":"EZButCZABmd3KQsZMrqasf.211","action":"GetUpdates", "result":"DeleteReceived", "context":{"id":"e81cf54e-5564-488d-a150-926e182ac311", "isDeleted:":"true", "version":"1732216159973"}}
{"logTime": "1202/191952", "correlationVector":"EZButCZABmd3KQsZMrqasf.212","action":"GetUpdates", "result":"DeleteReceived", "context":{"id":"08cb5e76-87fb-405b-b75d-b44fd99dc110", "isDeleted:":"true", "version":"1732226087562"}}
{"logTime": "1202/191952", "correlationVector":"EZButCZABmd3KQsZMrqasf.213","action":"GetUpdates", "result":"DeleteReceived", "context":{"id":"a9cc19ca-8a72-47c6-b60b-357f8945787a", "isDeleted:":"true", "version":"1732364966945"}}
{"logTime": "1202/191952", "correlationVector":"EZButCZABmd3KQsZMrqasf.214","action":"GetUpdates", "result":"DeleteReceived", "context":{"id":"c0b0bf5c-b493-4950-ba1a-20d0193c1c6d", "isDeleted:":"true", "version":"1732366434321"}}
{"logTime": "1202/191952", "correlationVector":"EZButCZABmd3KQsZMrqasf.215","action":"GetUpdates", "result":"DeleteReceived", "context":{"id":"67ce81e0-52c5-48f4-baea-03c8f714fd7a", "isDeleted:":"true", "version":"1732367059445"}}
{"logTime": "1202/191952", "correlationVector":"EZButCZABmd3KQsZMrqasf.216","action":"GetUpdates", "result":"DeleteReceived", "context":{"id":"49920136-3f5e-4c56-aeaf-2dd1abb4fa52", "isDeleted:":"true", "version":"1732369939726"}}
{"logTime": "1202/191952", "correlationVector":"EZButCZABmd3KQsZMrqasf.217","action":"GetUpdates", "result":"DeleteReceived", "context":{"id":"678c44e5-f104-4f3d-9153-398855395714", "isDeleted:":"true", "version":"1732370813983"}}
{"logTime": "1202/191952", "correlationVector":"EZButCZABmd3KQsZMrqasf.218","action":"GetUpdates", "result":"DeleteReceived", "context":{"id":"08efb032-d23c-4810-9825-7a19a7e26436", "isDeleted:":"true", "version":"1732372889207"}}
{"logTime": "1202/191952", "correlationVector":"EZButCZABmd3KQsZMrqasf.219","action":"GetUpdates", "result":"DeleteReceived", "context":{"id":"9f0f2016-ba2f-42c6-8cc3-455cdba5a03b", "isDeleted:":"true", "version":"1732122939580"}}
{"logTime": "1202/191952", "correlationVector":"EZButCZABmd3KQsZMrqasf.220","action":"GetUpdates Response", "result":"Success", "context":Received 250 update(s). cV=EZButCZABmd3KQsZMrqasf.0;server=GENERAL01000000;cloudType=Consumer;environment=Prod_WestEurope_000l;migrationStage=NotStarted Some updates remain.}
{"logTime": "1202/191952", "correlationVector":"hMRlTTtyqlrRjtY+1QPlgJ","action":"Initial GetUpdates", "result":"", "context":Reason: NEWLY_SUPPORTED_DATATYPE. cV=hMRlTTtyqlrRjtY+1QPlgJ}
{"logTime": "1202/191952", "correlationVector":"hMRlTTtyqlrRjtY+1QPlgJ.1","action":"SyncServerConnectionManagerRequest", "result":"SYNC_SERVER_OK", "context":{"environment":"Prod_WestEurope_000l", "migrationStage":"NotStarted", "server":"GENERAL01000015"}}
{"logTime": "1202/191952", "correlationVector":"hMRlTTtyqlrRjtY+1QPlgJ.2","action":"GetUpdates", "result":"DeleteReceived", "context":{"id":"57c883ff-05bf-4c9e-a4d2-bb53dcb33895", "isDeleted:":"true", "version":"1732373993338"}}
{"logTime": "1202/191952", "correlationVector":"hMRlTTtyqlrRjtY+1QPlgJ.3","action":"GetUpdates", "result":"DeleteReceived", "context":{"id":"aa9f4437-1f7a-4aa5-bfc0-08d8228e9b44", "isDeleted:":"true", "version":"1732373993339"}}
{"logTime": "1202/191952", "correlationVector":"hMRlTTtyqlrRjtY+1QPlgJ.4","action":"GetUpdates", "result":"DeleteReceived", "context":{"id":"4f9d7434-39cd-4f1f-9bc0-4125230081be", "isDeleted:":"true", "version":"1732374055998"}}
{"logTime": "1202/191952", "correlationVector":"hMRlTTtyqlrRjtY+1QPlgJ.5","action":"GetUpdates", "result":"DeleteReceived", "context":{"id":"e59869d7-4736-4439-8810-3ce632f932d4", "isDeleted:":"true", "version":"1732374135944"}}
{"logTime": "1202/191952", "correlationVector":"hMRlTTtyqlrRjtY+1QPlgJ.6","action":"GetUpdates", "result":"DeleteReceived", "context":{"id":"6e94694b-e4fe-4eb7-b9b5-d45885f2f73f", "isDeleted:":"true", "version":"1732374321448"}}
{"logTime": "1202/191952", "correlationVector":"hMRlTTtyqlrRjtY+1QPlgJ.7","action":"GetUpdates", "result":"DeleteReceived", "context":{"id":"b98b9d75-79ea-40b8-abf9-a9104e5cdd37", "isDeleted:":"true", "version":"1732379564304"}}
{"logTime": "1202/191952", "correlationVector":"hMRlTTtyqlrRjtY+1QPlgJ.8","action":"GetUpdates", "result":"DeleteReceived", "context":{"id":"19bcd3ab-3975-42eb-b1a7-42bb0b85753e", "isDeleted:":"true", "version":"1732383012722"}}
{"logTime": "1202/191952", "correlationVector":"hMRlTTtyqlrRjtY+1QPlgJ.9","action":"GetUpdates", "result":"DeleteReceived", "context":{"id":"c1aad930-cc94-4c9f-8148-88118de98640", "isDeleted:":"true", "version":"1732384316431"}}
{"logTime": "1202/191952", "correlationVector":"hMRlTTtyqlrRjtY+1QPlgJ.10","action":"GetUpdates", "result":"DeleteReceived", "context":{"id":"ffdc7345-3a0f-45c7-9e4b-d27bedfe0f55", "isDeleted:":"true", "version":"1732384424229"}}
{"logTime": "1202/191952", "correlationVector":"hMRlTTtyqlrRjtY+1QPlgJ.11","action":"GetUpdates", "result":"DeleteReceived", "context":{"id":"720acfd4-9ae1-4f98-a930-082b5d3761ec", "isDeleted:":"true", "version":"1732384424230"}}
{"logTime": "1202/191952", "correlationVector":"hMRlTTtyqlrRjtY+1QPlgJ.12","action":"GetUpdates", "result":"DeleteReceived", "context":{"id":"db2a5efb-422b-499a-9392-61feb78c148c", "isDeleted:":"true", "version":"1732384424231"}}
{"logTime": "1202/191952", "correlationVector":"hMRlTTtyqlrRjtY+1QPlgJ.13","action":"GetUpdates", "result":"DeleteReceived", "context":{"id":"099fc960-7907-48b4-a1bd-739035a6c303", "isDeleted:":"true", "version":"1732388737717"}}
{"logTime": "1202/191952", "correlationVector":"hMRlTTtyqlrRjtY+1QPlgJ.14","action":"GetUpdates", "result":"DeleteReceived", "context":{"id":"c8d7fe83-9007-4f80-acec-c514e1cbbb05", "isDeleted:":"true", "version":"1732388803928"}}
{"logTime": "1202/191952", "correlationVector":"hMRlTTtyqlrRjtY+1QPlgJ.15","action":"GetUpdates", "result":"DeleteReceived", "context":{"id":"b9ec30b8-b5ae-48d5-8ffc-70e4622e76d6", "isDeleted:":"true", "version":"1732393090037"}}
{"logTime": "1202/191952", "correlationVector":"hMRlTTtyqlrRjtY+1QPlgJ.16","action":"GetUpdates", "result":"DeleteReceived", "context":{"id":"ceaa207a-ddf7-44eb-8a1e-4ffdb70fec07", "isDeleted:":"true", "version":"1732393090038"}}
{"logTime": "1202/191952", "correlationVector":"hMRlTTtyqlrRjtY+1QPlgJ.17","action":"GetUpdates", "result":"DeleteReceived", "context":{"id":"c0dfd6ea-5a4b-44a7-a1e7-f3e01c06bd54", "isDeleted:":"true", "version":"1732399235539"}}
{"logTime": "1202/191952", "correlationVector":"hMRlTTtyqlrRjtY+1QPlgJ.18","action":"GetUpdates", "result":"DeleteReceived", "context":{"id":"1475fb5b-56ab-45df-8634-194d6e6d1093", "isDeleted:":"true", "version":"1732403005387"}}
{"logTime": "1202/191952", "correlationVector":"hMRlTTtyqlrRjtY+1QPlgJ.19","action":"GetUpdates", "result":"DeleteReceived", "context":{"id":"c6cb95f2-b5e6-47b7-b7bb-795c11b51073", "isDeleted:":"true", "version":"1732403005388"}}
{"logTime": "1202/191952", "correlationVector":"hMRlTTtyqlrRjtY+1QPlgJ.20","action":"GetUpdates", "result":"DeleteReceived", "context":{"id":"a5cbf034-5c77-4906-98b4-67f73328e6bc", "isDeleted:":"true", "version":"1732403078097"}}
{"logTime": "1202/191952", "correlationVector":"hMRlTTtyqlrRjtY+1QPlgJ.21","action":"GetUpdates", "result":"DeleteReceived", "context":{"id":"2bc5a46e-90ac-4374-aed9-66af868acfd4", "isDeleted:":"true", "version":"1732435096948"}}
{"logTime": "1202/191952", "correlationVector":"hMRlTTtyqlrRjtY+1QPlgJ.22","action":"GetUpdates", "result":"DeleteReceived", "context":{"id":"7e493bc3-16e2-49e9-8295-532456299995", "isDeleted:":"true", "version":"1732536441627"}}
{"logTime": "1202/191952", "correlationVector":"hMRlTTtyqlrRjtY+1QPlgJ.23","action":"GetUpdates", "result":"DeleteReceived", "context":{"id":"b1030210-1e9b-4086-906e-a24f35755434", "isDeleted:":"true", "version":"1732538163678"}}
{"logTime": "1202/191952", "correlationVector":"hMRlTTtyqlrRjtY+1QPlgJ.24","action":"GetUpdates", "result":"DeleteReceived", "context":{"id":"1b9fa2b5-a60c-4013-9efa-86e63eda6e9d", "isDeleted:":"true", "version":"1732538163679"}}
{"logTime": "1202/191952", "correlationVector":"hMRlTTtyqlrRjtY+1QPlgJ.25","action":"GetUpdates", "result":"DeleteReceived", "context":{"id":"9eb845d6-f9ce-47a8-a011-fb4ba34c78e4", "isDeleted:":"true", "version":"1732559944159"}}
{"logTime": "1202/191952", "correlationVector":"hMRlTTtyqlrRjtY+1QPlgJ.26","action":"GetUpdates", "result":"DeleteReceived", "context":{"id":"a4c74e30-4b71-4187-9cae-c2e186d98d3e", "isDeleted:":"true", "version":"1732562059189"}}
{"logTime": "1202/191952", "correlationVector":"hMRlTTtyqlrRjtY+1QPlgJ.27","action":"GetUpdates", "result":"DeleteReceived", "context":{"id":"70ccee8b-f077-4957-85e9-77ee31aa91ef", "isDeleted:":"true", "version":"1732564694235"}}
{"logTime": "1202/191952", "correlationVector":"hMRlTTtyqlrRjtY+1QPlgJ.28","action":"GetUpdates", "result":"DeleteReceived", "context":{"id":"56aba41d-7c1b-40a5-b199-96c3dabd04c0", "isDeleted:":"true", "version":"1732565850793"}}
{"logTime": "1202/191952", "correlationVector":"hMRlTTtyqlrRjtY+1QPlgJ.29","action":"GetUpdates", "result":"DeleteReceived", "context":{"id":"0610e3d8-926d-4a1a-adc8-3a9255922523", "isDeleted:":"true", "version":"1732640118798"}}
{"logTime": "1202/191952", "correlationVector":"hMRlTTtyqlrRjtY+1QPlgJ.30","action":"GetUpdates", "result":"DeleteReceived", "context":{"id":"74e81e77-3048-41ac-a323-cac44cd18a97", "isDeleted:":"true", "version":"1732640118799"}}
{"logTime": "1202/191952", "correlationVector":"hMRlTTtyqlrRjtY+1QPlgJ.31","action":"GetUpdates", "result":"DeleteReceived", "context":{"id":"b3bf1cf9-24b7-40b6-8023-c7452e1061db", "isDeleted:":"true", "version":"1732793246133"}}
{"logTime": "1202/191952", "correlationVector":"hMRlTTtyqlrRjtY+1QPlgJ.32","action":"GetUpdates", "result":"DeleteReceived", "context":{"id":"c8abc976-278a-4b5a-808f-237904a298b5", "isDeleted:":"true", "version":"1732793476096"}}
{"logTime": "1202/191952", "correlationVector":"hMRlTTtyqlrRjtY+1QPlgJ.33","action":"GetUpdates", "result":"DeleteReceived", "context":{"id":"ff46b127-e20b-496d-9259-e01ae69f47a7", "isDeleted:":"true", "version":"1732798074159"}}
{"logTime": "1202/191952", "correlationVector":"hMRlTTtyqlrRjtY+1QPlgJ.34","action":"GetUpdates", "result":"DeleteReceived", "context":{"id":"621f12e3-4f62-4b5e-933a-1d9853592726", "isDeleted:":"true", "version":"1732801305365"}}
{"logTime": "1202/191952", "correlationVector":"hMRlTTtyqlrRjtY+1QPlgJ.35","action":"GetUpdates", "result":"DeleteReceived", "context":{"id":"a33ee862-0cb8-4210-86e2-66a7d7d0fdb0", "isDeleted:":"true", "version":"1732805875165"}}
{"logTime": "1202/191952", "correlationVector":"hMRlTTtyqlrRjtY+1QPlgJ.36","action":"GetUpdates", "result":"DeleteReceived", "context":{"id":"e2b32924-92f4-4a82-a35b-9bbf339bde80", "isDeleted:":"true", "version":"1732806802900"}}
{"logTime": "1202/191952", "correlationVector":"hMRlTTtyqlrRjtY+1QPlgJ.37","action":"GetUpdates", "result":"DeleteReceived", "context":{"id":"91ee774d-abf8-486f-80c6-7f20b508b141", "isDeleted:":"true", "version":"1732807991790"}}
{"logTime": "1202/191952", "correlationVector":"hMRlTTtyqlrRjtY+1QPlgJ.38","action":"GetUpdates", "result":"DeleteReceived", "context":{"id":"df930691-106e-4597-90c6-eb4d576cff9f", "isDeleted:":"true", "version":"1732808483126"}}
{"logTime": "1202/191952", "correlationVector":"hMRlTTtyqlrRjtY+1QPlgJ.39","action":"GetUpdates", "result":"DeleteReceived", "context":{"id":"4e7e685d-740b-4e1b-8049-7fa02ba26970", "isDeleted:":"true", "version":"1732813641822"}}
{"logTime": "1202/191952", "correlationVector":"hMRlTTtyqlrRjtY+1QPlgJ.40","action":"GetUpdates", "result":"DeleteReceived", "context":{"id":"b213402e-13bf-4ae4-b90a-d3f570f5980f", "isDeleted:":"true", "version":"1732813641825"}}
{"logTime": "1202/191952", "correlationVector":"hMRlTTtyqlrRjtY+1QPlgJ.41","action":"GetUpdates", "result":"DeleteReceived", "context":{"id":"07b3a0b6-8a0d-430f-8232-15bf3058009a", "isDeleted:":"true", "version":"1732813641826"}}
{"logTime": "1202/191952", "correlationVector":"hMRlTTtyqlrRjtY+1QPlgJ.42","action":"GetUpdates", "result":"DeleteReceived", "context":{"id":"8cd63ea7-0ca7-43f9-aa4f-88171faf49df", "isDeleted:":"true", "version":"1732815010678"}}
{"logTime": "1202/191952", "correlationVector":"hMRlTTtyqlrRjtY+1QPlgJ.43","action":"GetUpdates", "result":"DeleteReceived", "context":{"id":"42d04763-ca52-4eac-a2a2-cf2923328aa9", "isDeleted:":"true", "version":"1732816350740"}}
{"logTime": "1202/191952", "correlationVector":"hMRlTTtyqlrRjtY+1QPlgJ.44","action":"GetUpdates", "result":"DeleteReceived", "context":{"id":"953a9fce-8f01-4a5d-8f78-0c7f8ac2dfcb", "isDeleted:":"true", "version":"1732816422409"}}
{"logTime": "1202/191952", "correlationVector":"hMRlTTtyqlrRjtY+1QPlgJ.45","action":"GetUpdates", "result":"DeleteReceived", "context":{"id":"c5d8cf0c-4bc4-4f2e-82c6-e44c2e45d750", "isDeleted:":"true", "version":"1732816500474"}}
{"logTime": "1202/191952", "correlationVector":"hMRlTTtyqlrRjtY+1QPlgJ.46","action":"GetUpdates", "result":"DeleteReceived", "context":{"id":"3f771a8f-ed3a-45f7-8e81-bd72c8346aaf", "isDeleted:":"true", "version":"1732837151081"}}
{"logTime": "1202/191952", "correlationVector":"hMRlTTtyqlrRjtY+1QPlgJ.47","action":"GetUpdates", "result":"DeleteReceived", "context":{"id":"3ff45ffb-be32-4314-bacf-5edc3bbba6d4", "isDeleted:":"true", "version":"1732837217023"}}
{"logTime": "1202/191952", "correlationVector":"hMRlTTtyqlrRjtY+1QPlgJ.48","action":"GetUpdates", "result":"DeleteReceived", "context":{"id":"f96d4507-9470-49df-bed2-944c51395486", "isDeleted:":"true", "version":"1732837217024"}}
{"logTime": "1202/191952", "correlationVector":"hMRlTTtyqlrRjtY+1QPlgJ.49","action":"GetUpdates", "result":"DeleteReceived", "context":{"id":"da316c66-fe12-4135-963b-aba5bf32da52", "isDeleted:":"true", "version":"1732837435980"}}
{"logTime": "1202/191952", "correlationVector":"hMRlTTtyqlrRjtY+1QPlgJ.50","action":"GetUpdates", "result":"DeleteReceived", "context":{"id":"3d05d583-670c-4cdc-bcae-27df350a6b8a", "isDeleted:":"true", "version":"1732837580345"}}
{"logTime": "1202/191952", "correlationVector":"hMRlTTtyqlrRjtY+1QPlgJ.51","action":"GetUpdates", "result":"DeleteReceived", "context":{"id":"756b50db-d653-40d7-bd8a-215cdf632b36", "isDeleted:":"true", "version":"1732837642368"}}
{"logTime": "1202/191952", "correlationVector":"hMRlTTtyqlrRjtY+1QPlgJ.52","action":"GetUpdates", "result":"DeleteReceived", "context":{"id":"8aa11a0e-f8b4-4bef-a64c-76fb4b865a42", "isDeleted:":"true", "version":"1732838010174"}}
{"logTime": "1202/191952", "correlationVector":"hMRlTTtyqlrRjtY+1QPlgJ.53","action":"GetUpdates", "result":"DeleteReceived", "context":{"id":"89785e83-ec17-445b-a0d9-2542ea34509b", "isDeleted:":"true", "version":"1732838507421"}}
{"logTime": "1202/191952", "correlationVector":"hMRlTTtyqlrRjtY+1QPlgJ.54","action":"GetUpdates", "result":"DeleteReceived", "context":{"id":"44f82a1b-9b6e-48bf-9f9e-2c68b4588a59", "isDeleted:":"true", "version":"1732838633272"}}
{"logTime": "1202/191952", "correlationVector":"hMRlTTtyqlrRjtY+1QPlgJ.55","action":"GetUpdates", "result":"DeleteReceived", "context":{"id":"052aebec-5e54-4805-b21f-100bbb81037a", "isDeleted:":"true", "version":"1732838665722"}}
{"logTime": "1202/191952", "correlationVector":"hMRlTTtyqlrRjtY+1QPlgJ.56","action":"GetUpdates", "result":"DeleteReceived", "context":{"id":"4cdcc18d-14fe-4f15-aa61-8ac4df7144e3", "isDeleted:":"true", "version":"1732838778861"}}
{"logTime": "1202/191952", "correlationVector":"hMRlTTtyqlrRjtY+1QPlgJ.57","action":"GetUpdates", "result":"DeleteReceived", "context":{"id":"f1898f79-1d44-4744-bc61-d7c13f2451bb", "isDeleted:":"true", "version":"1732839187650"}}
{"logTime": "1202/191952", "correlationVector":"hMRlTTtyqlrRjtY+1QPlgJ.58","action":"GetUpdates", "result":"DeleteReceived", "context":{"id":"e1f9e35d-b8c9-419d-bd19-c04fd9bb89d5", "isDeleted:":"true", "version":"1732839187651"}}
{"logTime": "1202/191952", "correlationVector":"hMRlTTtyqlrRjtY+1QPlgJ.59","action":"GetUpdates", "result":"DeleteReceived", "context":{"id":"98bdd03c-169d-4f7f-a145-f767fc4f170d", "isDeleted:":"true", "version":"1732839187652"}}
{"logTime": "1202/191952", "correlationVector":"hMRlTTtyqlrRjtY+1QPlgJ.60","action":"GetUpdates", "result":"DeleteReceived", "context":{"id":"d697dc68-9bc4-4e6e-9c68-6bc97ff7d8bb", "isDeleted:":"true", "version":"1732839187653"}}
{"logTime": "1202/191952", "correlationVector":"hMRlTTtyqlrRjtY+1QPlgJ.61","action":"GetUpdates", "result":"DeleteReceived", "context":{"id":"fdf958ff-9529-454a-b549-fe1a47d2130c", "isDeleted:":"true", "version":"1732839187654"}}
{"logTime": "1202/191952", "correlationVector":"hMRlTTtyqlrRjtY+1QPlgJ.62","action":"GetUpdates", "result":"DeleteReceived", "context":{"id":"9b9f7aea-0414-4dd8-aff6-5cceafc31b1b", "isDeleted:":"true", "version":"1732839187655"}}
{"logTime": "1202/191952", "correlationVector":"hMRlTTtyqlrRjtY+1QPlgJ.63","action":"GetUpdates", "result":"DeleteReceived", "context":{"id":"592aa1b5-1581-4974-a328-caaca7eaf69b", "isDeleted:":"true", "version":"1732839187656"}}
{"logTime": "1202/191952", "correlationVector":"hMRlTTtyqlrRjtY+1QPlgJ.64","action":"GetUpdates", "result":"DeleteReceived", "context":{"id":"9d56781c-ab18-479a-b1b2-c691104b8f04", "isDeleted:":"true", "version":"1732839187658"}}
{"logTime": "1202/191952", "correlationVector":"hMRlTTtyqlrRjtY+1QPlgJ.65","action":"GetUpdates", "result":"DeleteReceived", "context":{"id":"5726e36f-d1fc-4dff-8966-c7bcaf5de0b9", "isDeleted:":"true", "version":"1732839187662"}}
{"logTime": "1202/191952", "correlationVector":"hMRlTTtyqlrRjtY+1QPlgJ.66","action":"GetUpdates", "result":"DeleteReceived", "context":{"id":"0dd7176f-0e2a-42f2-8277-ab7bc5a4c239", "isDeleted:":"true", "version":"1732839187665"}}
{"logTime": "1202/191952", "correlationVector":"hMRlTTtyqlrRjtY+1QPlgJ.67","action":"GetUpdates", "result":"DeleteReceived", "context":{"id":"34d3c00b-8604-4a0f-9295-95db056cdba6", "isDeleted:":"true", "version":"1732839187667"}}
{"logTime": "1202/191952", "correlationVector":"hMRlTTtyqlrRjtY+1QPlgJ.68","action":"GetUpdates", "result":"DeleteReceived", "context":{"id":"becd4a4d-c406-4fe5-bdf8-3ef3f2b22c34", "isDeleted:":"true", "version":"1732839219693"}}
{"logTime": "1202/191952", "correlationVector":"hMRlTTtyqlrRjtY+1QPlgJ.69","action":"GetUpdates", "result":"DeleteReceived", "context":{"id":"4018e584-7a3e-407c-bfab-631e2e8ed15f", "isDeleted:":"true", "version":"1732839219695"}}
{"logTime": "1202/191952", "correlationVector":"hMRlTTtyqlrRjtY+1QPlgJ.70","action":"GetUpdates", "result":"DeleteReceived", "context":{"id":"5d9d79e7-1f3e-43af-b6d5-e42d8d8cd81d", "isDeleted:":"true", "version":"1732839219696"}}
{"logTime": "1202/191952", "correlationVector":"hMRlTTtyqlrRjtY+1QPlgJ.71","action":"GetUpdates", "result":"DeleteReceived", "context":{"id":"ac26a176-01ae-42ed-95bd-cadbccf42e08", "isDeleted:":"true", "version":"1732839219697"}}
{"logTime": "1202/191952", "correlationVector":"hMRlTTtyqlrRjtY+1QPlgJ.72","action":"GetUpdates", "result":"DeleteReceived", "context":{"id":"770b95fd-8691-488a-912b-e2888548e4b4", "isDeleted:":"true", "version":"1732839219698"}}
{"logTime": "1202/191952", "correlationVector":"hMRlTTtyqlrRjtY+1QPlgJ.73","action":"GetUpdates", "result":"DeleteReceived", "context":{"id":"a5afec20-7a50-4dc7-b663-3ca48f9bd41c", "isDeleted:":"true", "version":"1732839956760"}}
{"logTime": "1202/191952", "correlationVector":"hMRlTTtyqlrRjtY+1QPlgJ.74","action":"GetUpdates", "result":"DeleteReceived", "context":{"id":"62c715c9-50b0-422f-a64a-e31f6b146fba", "isDeleted:":"true", "version":"1732840368049"}}
{"logTime": "1202/191952", "correlationVector":"hMRlTTtyqlrRjtY+1QPlgJ.75","action":"GetUpdates", "result":"DeleteReceived", "context":{"id":"1b6c8227-27d9-461b-89fe-1c37b94f74a2", "isDeleted:":"true", "version":"1732840368050"}}
{"logTime": "1202/191952", "correlationVector":"hMRlTTtyqlrRjtY+1QPlgJ.76","action":"GetUpdates", "result":"DeleteReceived", "context":{"id":"c50a32c0-ae8c-4883-b6c4-eeb54f57d509", "isDeleted:":"true", "version":"1732840368052"}}
{"logTime": "1202/191952", "correlationVector":"hMRlTTtyqlrRjtY+1QPlgJ.77","action":"GetUpdates", "result":"DeleteReceived", "context":{"id":"df986ef9-96f4-4a35-a575-267b19b19857", "isDeleted:":"true", "version":"1732840551115"}}
{"logTime": "1202/191952", "correlationVector":"hMRlTTtyqlrRjtY+1QPlgJ.78","action":"GetUpdates", "result":"DeleteReceived", "context":{"id":"1d09bf7a-402d-4b09-8ba0-74291abc4ec4", "isDeleted:":"true", "version":"1732840649820"}}
{"logTime": "1202/191952", "correlationVector":"hMRlTTtyqlrRjtY+1QPlgJ.79","action":"GetUpdates", "result":"DeleteReceived", "context":{"id":"d16e32be-e2ac-40f8-8ecb-7aa81cce665a", "isDeleted:":"true", "version":"1732840763721"}}
{"logTime": "1202/191952", "correlationVector":"hMRlTTtyqlrRjtY+1QPlgJ.80","action":"GetUpdates", "result":"DeleteReceived", "context":{"id":"c7552a80-04d4-4236-a763-a93bede89e5a", "isDeleted:":"true", "version":"1732841177544"}}
{"logTime": "1202/191952", "correlationVector":"hMRlTTtyqlrRjtY+1QPlgJ.81","action":"GetUpdates", "result":"DeleteReceived", "context":{"id":"35a687fb-7e61-41e4-be86-d6ef5aa3d568", "isDeleted:":"true", "version":"1732841291091"}}
{"logTime": "1202/191952", "correlationVector":"hMRlTTtyqlrRjtY+1QPlgJ.82","action":"GetUpdates", "result":"DeleteReceived", "context":{"id":"1a56f2d5-09b1-44e7-9185-d6f3737e4bb8", "isDeleted:":"true", "version":"1732841390302"}}
{"logTime": "1202/191952", "correlationVector":"hMRlTTtyqlrRjtY+1QPlgJ.83","action":"GetUpdates", "result":"DeleteReceived", "context":{"id":"b5c85270-a0dd-4b31-b373-d9ca8345d69e", "isDeleted:":"true", "version":"1732841487618"}}
{"logTime": "1202/191952", "correlationVector":"hMRlTTtyqlrRjtY+1QPlgJ.84","action":"GetUpdates", "result":"DeleteReceived", "context":{"id":"ac3ece27-eb57-41e1-b64a-44e423eeb93b", "isDeleted:":"true", "version":"1732842099084"}}
{"logTime": "1202/191952", "correlationVector":"hMRlTTtyqlrRjtY+1QPlgJ.85","action":"GetUpdates", "result":"DeleteReceived", "context":{"id":"11fb8ae9-c41f-49f7-b3ae-7ca358896bf0", "isDeleted:":"true", "version":"1732842099085"}}
{"logTime": "1202/191952", "correlationVector":"hMRlTTtyqlrRjtY+1QPlgJ.86","action":"GetUpdates", "result":"DeleteReceived", "context":{"id":"0ef3d419-c819-4c0c-8fab-cb8cdf939a6b", "isDeleted:":"true", "version":"1732879307483"}}
{"logTime": "1202/191952", "correlationVector":"hMRlTTtyqlrRjtY+1QPlgJ.87","action":"GetUpdates", "result":"DeleteReceived", "context":{"id":"ab9f1543-88c6-42d0-89e6-70aa723b43fb", "isDeleted:":"true", "version":"1732879307484"}}
{"logTime": "1202/191952", "correlationVector":"hMRlTTtyqlrRjtY+1QPlgJ.88","action":"GetUpdates", "result":"DeleteReceived", "context":{"id":"0d322da2-0762-4333-8bcc-ea0095758ea1", "isDeleted:":"true", "version":"1732879307485"}}
{"logTime": "1202/191952", "correlationVector":"hMRlTTtyqlrRjtY+1QPlgJ.89","action":"GetUpdates", "result":"DeleteReceived", "context":{"id":"83b72ba3-5677-49ec-91a3-cf823455579b", "isDeleted:":"true", "version":"1732879307486"}}
{"logTime": "1202/191952", "correlationVector":"hMRlTTtyqlrRjtY+1QPlgJ.90","action":"GetUpdates", "result":"DeleteReceived", "context":{"id":"c0b9f3af-7f3a-4ef9-9eba-f745d12c17b1", "isDeleted:":"true", "version":"1732881130668"}}
{"logTime": "1202/191952", "correlationVector":"hMRlTTtyqlrRjtY+1QPlgJ.91","action":"GetUpdates", "result":"DeleteReceived", "context":{"id":"f4d47bdb-0272-40ca-b93e-3a2a0617e7cb", "isDeleted:":"true", "version":"1732881322155"}}
{"logTime": "1202/191952", "correlationVector":"hMRlTTtyqlrRjtY+1QPlgJ.92","action":"GetUpdates", "result":"DeleteReceived", "context":{"id":"8a8d25c8-2fed-4f13-995d-14eb3fea928b", "isDeleted:":"true", "version":"1732881933884"}}
{"logTime": "1202/191952", "correlationVector":"hMRlTTtyqlrRjtY+1QPlgJ.93","action":"GetUpdates", "result":"DeleteReceived", "context":{"id":"2f411f46-77fa-42c7-924d-3df219ba5158", "isDeleted:":"true", "version":"1732882101315"}}
{"logTime": "1202/191952", "correlationVector":"hMRlTTtyqlrRjtY+1QPlgJ.94","action":"GetUpdates", "result":"DeleteReceived", "context":{"id":"0ea7da61-77df-4d04-918a-b7599d584c2b", "isDeleted:":"true", "version":"1732882101318"}}
{"logTime": "1202/191952", "correlationVector":"hMRlTTtyqlrRjtY+1QPlgJ.95","action":"GetUpdates", "result":"DeleteReceived", "context":{"id":"ffd393ac-6325-4a2d-a814-a8b66499a280", "isDeleted:":"true", "version":"1732882101322"}}
{"logTime": "1202/191952", "correlationVector":"hMRlTTtyqlrRjtY+1QPlgJ.96","action":"GetUpdates", "result":"DeleteReceived", "context":{"id":"53c8e085-3531-4d9c-820a-ebe122d52509", "isDeleted:":"true", "version":"1732882134522"}}
{"logTime": "1202/191952", "correlationVector":"hMRlTTtyqlrRjtY+1QPlgJ.97","action":"GetUpdates", "result":"DeleteReceived", "context":{"id":"3ddce0f7-3eaf-4b1e-b6f0-fc9d181aeacb", "isDeleted:":"true", "version":"1732882134523"}}
{"logTime": "1202/191952", "correlationVector":"hMRlTTtyqlrRjtY+1QPlgJ.98","action":"GetUpdates", "result":"DeleteReceived", "context":{"id":"9af531dd-67ff-4ac9-a3fc-a9c84206a6ad", "isDeleted:":"true", "version":"1732882134524"}}
{"logTime": "1202/191952", "correlationVector":"hMRlTTtyqlrRjtY+1QPlgJ.99","action":"GetUpdates", "result":"DeleteReceived", "context":{"id":"ec092edc-1ac0-4898-b55b-81a9832d83d8", "isDeleted:":"true", "version":"1732882646439"}}
{"logTime": "1202/191952", "correlationVector":"hMRlTTtyqlrRjtY+1QPlgJ.100","action":"GetUpdates", "result":"DeleteReceived", "context":{"id":"2447022f-aaad-4f59-a82f-9ecdb0f40310", "isDeleted:":"true", "version":"1732882646440"}}
{"logTime": "1202/191952", "correlationVector":"hMRlTTtyqlrRjtY+1QPlgJ.101","action":"GetUpdates", "result":"DeleteReceived", "context":{"id":"05e7aa44-e3bd-4386-8847-58f07def2b3f", "isDeleted:":"true", "version":"1732882646443"}}
{"logTime": "1202/191952", "correlationVector":"hMRlTTtyqlrRjtY+1QPlgJ.102","action":"GetUpdates", "result":"DeleteReceived", "context":{"id":"5f128721-d5ba-4566-ae62-a39df5a5335f", "isDeleted:":"true", "version":"1732882746951"}}
{"logTime": "1202/191952", "correlationVector":"hMRlTTtyqlrRjtY+1QPlgJ.103","action":"GetUpdates", "result":"DeleteReceived", "context":{"id":"b2c0258b-924f-4293-b43d-188171c5ee17", "isDeleted:":"true", "version":"1732883200449"}}
{"logTime": "1202/191952", "correlationVector":"hMRlTTtyqlrRjtY+1QPlgJ.104","action":"GetUpdates", "result":"DeleteReceived", "context":{"id":"a2502589-1b6a-46af-8ec0-aa97b82edef6", "isDeleted:":"true", "version":"1732883200451"}}
{"logTime": "1202/191952", "correlationVector":"hMRlTTtyqlrRjtY+1QPlgJ.105","action":"GetUpdates", "result":"DeleteReceived", "context":{"id":"96beefe8-1ea6-4ce3-ba54-559e427bbce3", "isDeleted:":"true", "version":"1732884358929"}}
{"logTime": "1202/191952", "correlationVector":"hMRlTTtyqlrRjtY+1QPlgJ.106","action":"GetUpdates", "result":"DeleteReceived", "context":{"id":"670711f8-9085-4a8a-aecd-f9831a2db7ac", "isDeleted:":"true", "version":"1732884917046"}}
{"logTime": "1202/191952", "correlationVector":"hMRlTTtyqlrRjtY+1QPlgJ.107","action":"GetUpdates", "result":"DeleteReceived", "context":{"id":"067fb9b4-a86a-4e16-b01c-2dbb29fd4228", "isDeleted:":"true", "version":"1732885117531"}}
{"logTime": "1202/191952", "correlationVector":"hMRlTTtyqlrRjtY+1QPlgJ.108","action":"GetUpdates", "result":"DeleteReceived", "context":{"id":"2453e28b-0eb7-4711-934d-d12b95223d95", "isDeleted:":"true", "version":"1732885117533"}}
{"logTime": "1202/191952", "correlationVector":"hMRlTTtyqlrRjtY+1QPlgJ.109","action":"GetUpdates", "result":"DeleteReceived", "context":{"id":"234d6312-e77c-437e-9108-79410880cbb7", "isDeleted:":"true", "version":"1732903126401"}}
{"logTime": "1202/191952", "correlationVector":"hMRlTTtyqlrRjtY+1QPlgJ.110","action":"GetUpdates", "result":"DeleteReceived", "context":{"id":"d9c333a5-f9f5-4c14-bdd8-a76d9886d4e7", "isDeleted:":"true", "version":"1732903184217"}}
{"logTime": "1202/191952", "correlationVector":"hMRlTTtyqlrRjtY+1QPlgJ.111","action":"GetUpdates", "result":"DeleteReceived", "context":{"id":"df57ad03-9cf4-49b4-8bf3-7df511de7e99", "isDeleted:":"true", "version":"1732903426191"}}
{"logTime": "1202/191952", "correlationVector":"hMRlTTtyqlrRjtY+1QPlgJ.112","action":"GetUpdates", "result":"DeleteReceived", "context":{"id":"4bc608aa-2c4e-469c-a950-a4084e18e69d", "isDeleted:":"true", "version":"1732904050604"}}
{"logTime": "1202/191952", "correlationVector":"hMRlTTtyqlrRjtY+1QPlgJ.113","action":"GetUpdates", "result":"DeleteReceived", "context":{"id":"d22b0928-dcda-4358-b640-8d90472e7e56", "isDeleted:":"true", "version":"1732904302738"}}
{"logTime": "1202/191952", "correlationVector":"hMRlTTtyqlrRjtY+1QPlgJ.114","action":"GetUpdates", "result":"DeleteReceived", "context":{"id":"833b28f5-4097-4238-b89f-910d5803b87b", "isDeleted:":"true", "version":"1732904888099"}}
{"logTime": "1202/191952", "correlationVector":"hMRlTTtyqlrRjtY+1QPlgJ.115","action":"GetUpdates", "result":"DeleteReceived", "context":{"id":"13339070-079b-4bfa-b20e-9ecb3b519b1c", "isDeleted:":"true", "version":"1732905081048"}}
{"logTime": "1202/191952", "correlationVector":"hMRlTTtyqlrRjtY+1QPlgJ.116","action":"GetUpdates", "result":"DeleteReceived", "context":{"id":"fd62b6e5-04a3-474e-9018-70272f3e8da9", "isDeleted:":"true", "version":"1732906087881"}}
{"logTime": "1202/191952", "correlationVector":"hMRlTTtyqlrRjtY+1QPlgJ.117","action":"GetUpdates", "result":"DeleteReceived", "context":{"id":"365d6d97-6859-404f-9a69-d54682de3ccc", "isDeleted:":"true", "version":"1732906144003"}}
{"logTime": "1202/191952", "correlationVector":"hMRlTTtyqlrRjtY+1QPlgJ.118","action":"GetUpdates", "result":"DeleteReceived", "context":{"id":"c14e971a-dea1-4069-baf0-e9156898ec71", "isDeleted:":"true", "version":"1732906144004"}}
{"logTime": "1202/191952", "correlationVector":"hMRlTTtyqlrRjtY+1QPlgJ.119","action":"GetUpdates", "result":"DeleteReceived", "context":{"id":"21510038-cb27-4303-a21e-3b78925c40d5", "isDeleted:":"true", "version":"1732906247000"}}
{"logTime": "1202/191952", "correlationVector":"hMRlTTtyqlrRjtY+1QPlgJ.120","action":"GetUpdates", "result":"DeleteReceived", "context":{"id":"fb93baf8-bfc6-4344-a14b-e9d1f280a05e", "isDeleted:":"true", "version":"1732906367947"}}
{"logTime": "1202/191952", "correlationVector":"hMRlTTtyqlrRjtY+1QPlgJ.121","action":"GetUpdates", "result":"DeleteReceived", "context":{"id":"f65e8ca6-6f71-4da8-ac4c-835db5906f63", "isDeleted:":"true", "version":"1732906592643"}}
{"logTime": "1202/191952", "correlationVector":"hMRlTTtyqlrRjtY+1QPlgJ.122","action":"GetUpdates", "result":"DeleteReceived", "context":{"id":"8843f006-60e4-47fe-bc6f-f00702efc7b5", "isDeleted:":"true", "version":"1732906592646"}}
{"logTime": "1202/191952", "correlationVector":"hMRlTTtyqlrRjtY+1QPlgJ.123","action":"GetUpdates", "result":"DeleteReceived", "context":{"id":"76c44522-0d6c-4e2c-abfb-ee96c510acb2", "isDeleted:":"true", "version":"1732906648516"}}
{"logTime": "1202/191952", "correlationVector":"hMRlTTtyqlrRjtY+1QPlgJ.124","action":"GetUpdates", "result":"DeleteReceived", "context":{"id":"77d961d7-dd89-40fb-95a6-658772a63621", "isDeleted:":"true", "version":"1732906648517"}}
{"logTime": "1202/191952", "correlationVector":"hMRlTTtyqlrRjtY+1QPlgJ.125","action":"GetUpdates", "result":"DeleteReceived", "context":{"id":"0c3c4173-deca-4e00-b021-67a3c859348c", "isDeleted:":"true", "version":"1732985671470"}}
{"logTime": "1202/191952", "correlationVector":"hMRlTTtyqlrRjtY+1QPlgJ.126","action":"GetUpdates", "result":"DeleteReceived", "context":{"id":"6bf0c29f-4f61-4f2f-8a16-207b96935f72", "isDeleted:":"true", "version":"1732985671472"}}
{"logTime": "1202/191952", "correlationVector":"hMRlTTtyqlrRjtY+1QPlgJ.127","action":"GetUpdates", "result":"DeleteReceived", "context":{"id":"01c3065c-5fa8-4857-9106-7dfe7ae6d165", "isDeleted:":"true", "version":"1732985671475"}}
{"logTime": "1202/191952", "correlationVector":"hMRlTTtyqlrRjtY+1QPlgJ.128","action":"GetUpdates", "result":"DeleteReceived", "context":{"id":"eeed8196-50c2-4612-9722-3097202ea12f", "isDeleted:":"true", "version":"1732985671476"}}
{"logTime": "1202/191952", "correlationVector":"hMRlTTtyqlrRjtY+1QPlgJ.129","action":"GetUpdates", "result":"DeleteReceived", "context":{"id":"7abc11b3-49af-4f27-96e4-f7037e634723", "isDeleted:":"true", "version":"1732985671479"}}
{"logTime": "1202/191952", "correlationVector":"hMRlTTtyqlrRjtY+1QPlgJ.130","action":"GetUpdates", "result":"DeleteReceived", "context":{"id":"5566a810-f470-4d96-8883-5be0e816b16f", "isDeleted:":"true", "version":"1732985701977"}}
{"logTime": "1202/191952", "correlationVector":"hMRlTTtyqlrRjtY+1QPlgJ.131","action":"GetUpdates", "result":"DeleteReceived", "context":{"id":"512cc3b9-451f-4ec5-8f6e-6c4f4cbcf01f", "isDeleted:":"true", "version":"1732985701978"}}
{"logTime": "1202/191952", "correlationVector":"hMRlTTtyqlrRjtY+1QPlgJ.132","action":"GetUpdates", "result":"DeleteReceived", "context":{"id":"112e83a6-9814-4891-b093-753e9cf7975e", "isDeleted:":"true", "version":"1732986039244"}}
{"logTime": "1202/191952", "correlationVector":"hMRlTTtyqlrRjtY+1QPlgJ.133","action":"GetUpdates", "result":"DeleteReceived", "context":{"id":"35d6bee6-6a02-47c7-b0df-646dce92d098", "isDeleted:":"true", "version":"1732986538248"}}
{"logTime": "1202/191952", "correlationVector":"hMRlTTtyqlrRjtY+1QPlgJ.134","action":"GetUpdates", "result":"DeleteReceived", "context":{"id":"74dcf842-fb97-4b6d-abd5-f15f2c91da90", "isDeleted:":"true", "version":"1732986637220"}}
{"logTime": "1202/191952", "correlationVector":"hMRlTTtyqlrRjtY+1QPlgJ.135","action":"GetUpdates", "result":"DeleteReceived", "context":{"id":"70ac21d6-43f2-4df5-8d2b-6ff72f0c1e8d", "isDeleted:":"true", "version":"1732986754123"}}
{"logTime": "1202/191952", "correlationVector":"hMRlTTtyqlrRjtY+1QPlgJ.136","action":"GetUpdates", "result":"DeleteReceived", "context":{"id":"77b59a7b-488e-41b1-8773-9c94e4b88f09", "isDeleted:":"true", "version":"1732986866606"}}
{"logTime": "1202/191952", "correlationVector":"hMRlTTtyqlrRjtY+1QPlgJ.137","action":"GetUpdates", "result":"DeleteReceived", "context":{"id":"dc725ec7-b2b7-43cf-b0fc-a6e136b06f09", "isDeleted:":"true", "version":"1732987587056"}}
{"logTime": "1202/191952", "correlationVector":"hMRlTTtyqlrRjtY+1QPlgJ.138","action":"GetUpdates", "result":"DeleteReceived", "context":{"id":"1b808670-5eaa-4757-b6ab-cdf4413f0965", "isDeleted:":"true", "version":"1732987807009"}}
{"logTime": "1202/191952", "correlationVector":"hMRlTTtyqlrRjtY+1QPlgJ.139","action":"GetUpdates", "result":"DeleteReceived", "context":{"id":"a9c9984b-24bf-4e29-ad99-2f37554d30d5", "isDeleted:":"true", "version":"1732988018544"}}
{"logTime": "1202/191952", "correlationVector":"hMRlTTtyqlrRjtY+1QPlgJ.140","action":"GetUpdates", "result":"DeleteReceived", "context":{"id":"66559348-da7a-4877-8bfd-920e64f9d3fb", "isDeleted:":"true", "version":"1732988372031"}}
{"logTime": "1202/191952", "correlationVector":"hMRlTTtyqlrRjtY+1QPlgJ.141","action":"GetUpdates", "result":"DeleteReceived", "context":{"id":"6ad2be47-7641-46fb-9b9a-ec337f03d8fa", "isDeleted:":"true", "version":"1732988804947"}}
{"logTime": "1202/191952", "correlationVector":"hMRlTTtyqlrRjtY+1QPlgJ.142","action":"GetUpdates", "result":"DeleteReceived", "context":{"id":"6852e8a4-f19f-467e-aed3-535a7718f70e", "isDeleted:":"true", "version":"1732989006561"}}
{"logTime": "1202/191952", "correlationVector":"hMRlTTtyqlrRjtY+1QPlgJ.143","action":"GetUpdates", "result":"DeleteReceived", "context":{"id":"f3bc1cff-c747-468a-99c1-35ac3593a771", "isDeleted:":"true", "version":"1733003983066"}}
{"logTime": "1202/191952", "correlationVector":"hMRlTTtyqlrRjtY+1QPlgJ.144","action":"GetUpdates", "result":"DeleteReceived", "context":{"id":"57f40691-7687-4fce-8267-974662ef1bff", "isDeleted:":"true", "version":"1733003983067"}}
{"logTime": "1202/191952", "correlationVector":"hMRlTTtyqlrRjtY+1QPlgJ.145","action":"GetUpdates", "result":"DeleteReceived", "context":{"id":"0242b8a2-50eb-44a8-a06b-dfa724d32dcb", "isDeleted:":"true", "version":"1733003983068"}}
{"logTime": "1202/191952", "correlationVector":"hMRlTTtyqlrRjtY+1QPlgJ.146","action":"GetUpdates", "result":"DeleteReceived", "context":{"id":"12fb0ac7-8c9d-4a3f-9ccc-bd287075f8af", "isDeleted:":"true", "version":"1733003983069"}}
{"logTime": "1202/191952", "correlationVector":"hMRlTTtyqlrRjtY+1QPlgJ.147","action":"GetUpdates", "result":"DeleteReceived", "context":{"id":"7d1bd159-d658-4513-901b-55601df8868b", "isDeleted:":"true", "version":"1733003983070"}}
{"logTime": "1202/191952", "correlationVector":"hMRlTTtyqlrRjtY+1QPlgJ.148","action":"GetUpdates", "result":"DeleteReceived", "context":{"id":"ce8a54a0-7db5-4c9d-8fdb-768568028781", "isDeleted:":"true", "version":"1733003983072"}}
{"logTime": "1202/191952", "correlationVector":"hMRlTTtyqlrRjtY+1QPlgJ.149","action":"GetUpdates", "result":"DeleteReceived", "context":{"id":"79d69726-e9b6-405f-9c9c-b0b314af8268", "isDeleted:":"true", "version":"1733003983073"}}
{"logTime": "1202/191952", "correlationVector":"hMRlTTtyqlrRjtY+1QPlgJ.150","action":"GetUpdates", "result":"DeleteReceived", "context":{"id":"630902bd-08cb-40ab-b63c-a0d9bb74d1f7", "isDeleted:":"true", "version":"1733077876281"}}
{"logTime": "1202/191952", "correlationVector":"hMRlTTtyqlrRjtY+1QPlgJ.151","action":"GetUpdates", "result":"DeleteReceived", "context":{"id":"47cb3521-d625-49c9-956b-a3c5fe95019e", "isDeleted:":"true", "version":"1733077981978"}}
{"logTime": "1202/191952", "correlationVector":"hMRlTTtyqlrRjtY+1QPlgJ.152","action":"GetUpdates", "result":"DeleteReceived", "context":{"id":"a72b6d39-5eda-4513-96d2-264c99492b4d", "isDeleted:":"true", "version":"1733078080787"}}
{"logTime": "1202/191952", "correlationVector":"hMRlTTtyqlrRjtY+1QPlgJ.153","action":"GetUpdates", "result":"DeleteReceived", "context":{"id":"d59c7b80-a51c-4002-8944-40da07c7a825", "isDeleted:":"true", "version":"1733078201996"}}
{"logTime": "1202/191952", "correlationVector":"hMRlTTtyqlrRjtY+1QPlgJ.154","action":"GetUpdates", "result":"DeleteReceived", "context":{"id":"d9796e5f-62ee-46d0-9fc2-d1a85acd945c", "isDeleted:":"true", "version":"1733079173831"}}
{"logTime": "1202/191952", "correlationVector":"hMRlTTtyqlrRjtY+1QPlgJ.155","action":"GetUpdates", "result":"DeleteReceived", "context":{"id":"04f00e8b-9adf-4357-93e4-dca9056c911e", "isDeleted:":"true", "version":"1733079173832"}}
{"logTime": "1202/191952", "correlationVector":"hMRlTTtyqlrRjtY+1QPlgJ.156","action":"GetUpdates", "result":"DeleteReceived", "context":{"id":"83c516f6-3926-460e-a26f-726548f26b6d", "isDeleted:":"true", "version":"1733079341526"}}
{"logTime": "1202/191952", "correlationVector":"hMRlTTtyqlrRjtY+1QPlgJ.157","action":"GetUpdates", "result":"DeleteReceived", "context":{"id":"c42fd80a-b68a-4f91-a527-71d56e78bcd9", "isDeleted:":"true", "version":"1733079372862"}}
{"logTime": "1202/191952", "correlationVector":"hMRlTTtyqlrRjtY+1QPlgJ.158","action":"GetUpdates", "result":"DeleteReceived", "context":{"id":"6afa7cba-3feb-4b36-81d3-c989c9dea358", "isDeleted:":"true", "version":"1733079540907"}}
{"logTime": "1202/191952", "correlationVector":"hMRlTTtyqlrRjtY+1QPlgJ.159","action":"GetUpdates", "result":"DeleteReceived", "context":{"id":"8ae3be71-b679-4301-b494-c44b1a58e85b", "isDeleted:":"true", "version":"1733079836666"}}
{"logTime": "1202/191952", "correlationVector":"hMRlTTtyqlrRjtY+1QPlgJ.160","action":"GetUpdates", "result":"DeleteReceived", "context":{"id":"fedb0096-370b-4955-b472-0a0caba4f331", "isDeleted:":"true", "version":"1733079836667"}}
{"logTime": "1202/191952", "correlationVector":"hMRlTTtyqlrRjtY+1QPlgJ.161","action":"GetUpdates", "result":"DeleteReceived", "context":{"id":"86c361c7-7571-4e2a-8866-9b1f7ea977a5", "isDeleted:":"true", "version":"1733079836670"}}
{"logTime": "1202/191952", "correlationVector":"hMRlTTtyqlrRjtY+1QPlgJ.162","action":"GetUpdates", "result":"DeleteReceived", "context":{"id":"85bfee72-b579-4a5a-8d63-6154a3a95d58", "isDeleted:":"true", "version":"1733079871459"}}
{"logTime": "1202/191952", "correlationVector":"hMRlTTtyqlrRjtY+1QPlgJ.163","action":"GetUpdates", "result":"DeleteReceived", "context":{"id":"04481c88-1570-4ce8-9e8f-c519ccc518b0", "isDeleted:":"true", "version":"1733080965526"}}
{"logTime": "1202/191952", "correlationVector":"hMRlTTtyqlrRjtY+1QPlgJ.164","action":"GetUpdates", "result":"DeleteReceived", "context":{"id":"257e3201-560c-4dbc-b4db-05abc3b62c38", "isDeleted:":"true", "version":"1733081241308"}}
{"logTime": "1202/191952", "correlationVector":"hMRlTTtyqlrRjtY+1QPlgJ.165","action":"GetUpdates", "result":"DeleteReceived", "context":{"id":"268c2861-883b-49c3-bad2-83f33edbaac8", "isDeleted:":"true", "version":"1733081582256"}}
{"logTime": "1202/191952", "correlationVector":"hMRlTTtyqlrRjtY+1QPlgJ.166","action":"GetUpdates", "result":"DeleteReceived", "context":{"id":"a65bd6a2-6009-46e1-b274-5d30d15ea294", "isDeleted:":"true", "version":"1733081614061"}}
{"logTime": "1202/191952", "correlationVector":"hMRlTTtyqlrRjtY+1QPlgJ.167","action":"GetUpdates", "result":"DeleteReceived", "context":{"id":"ae663d8c-ebf1-458b-9f9a-4671824a7b30", "isDeleted:":"true", "version":"1733081614062"}}
{"logTime": "1202/191952", "correlationVector":"hMRlTTtyqlrRjtY+1QPlgJ.168","action":"GetUpdates", "result":"DeleteReceived", "context":{"id":"d2dd1e71-184c-43b0-8232-694dbf29df83", "isDeleted:":"true", "version":"1733082305412"}}
{"logTime": "1202/191952", "correlationVector":"hMRlTTtyqlrRjtY+1QPlgJ.169","action":"GetUpdates", "result":"DeleteReceived", "context":{"id":"085f64a7-b239-463c-999e-70b77dd94aaf", "isDeleted:":"true", "version":"1733082305415"}}
{"logTime": "1202/191952", "correlationVector":"hMRlTTtyqlrRjtY+1QPlgJ.170","action":"GetUpdates", "result":"DeleteReceived", "context":{"id":"4cbaff45-958c-4d10-b6b0-9a67b3ba0bbf", "isDeleted:":"true", "version":"1733082656334"}}
{"logTime": "1202/191952", "correlationVector":"hMRlTTtyqlrRjtY+1QPlgJ.171","action":"GetUpdates", "result":"DeleteReceived", "context":{"id":"3e11048a-106d-4f9c-b80a-68ca5d319bb3", "isDeleted:":"true", "version":"1733082834321"}}
{"logTime": "1202/191952", "correlationVector":"hMRlTTtyqlrRjtY+1QPlgJ.172","action":"GetUpdates", "result":"DeleteReceived", "context":{"id":"f1b72178-3652-4f77-af68-3d3e608bcffd", "isDeleted:":"true", "version":"1733086713687"}}
{"logTime": "1202/191952", "correlationVector":"hMRlTTtyqlrRjtY+1QPlgJ.173","action":"GetUpdates", "result":"DeleteReceived", "context":{"id":"9c4cd5f2-f54b-40c3-86e0-74c9a849002b", "isDeleted:":"true", "version":"1733086713688"}}
{"logTime": "1202/191952", "correlationVector":"hMRlTTtyqlrRjtY+1QPlgJ.174","action":"GetUpdates", "result":"DeleteReceived", "context":{"id":"bc00b286-af4d-4188-af95-37cbec8f5768", "isDeleted:":"true", "version":"1733086713689"}}
{"logTime": "1202/191952", "correlationVector":"hMRlTTtyqlrRjtY+1QPlgJ.175","action":"GetUpdates", "result":"DeleteReceived", "context":{"id":"fbf200bd-14c5-4deb-b761-6071d91c7343", "isDeleted:":"true", "version":"1733086713691"}}
{"logTime": "1202/191952", "correlationVector":"hMRlTTtyqlrRjtY+1QPlgJ.176","action":"GetUpdates", "result":"DeleteReceived", "context":{"id":"e19a8768-1615-459e-a2a4-93301200dd60", "isDeleted:":"true", "version":"1733086713692"}}
{"logTime": "1202/191952", "correlationVector":"hMRlTTtyqlrRjtY+1QPlgJ.177","action":"GetUpdates", "result":"DeleteReceived", "context":{"id":"83f1d913-b44f-4a99-9855-db5fcbc9d487", "isDeleted:":"true", "version":"1733086713694"}}
{"logTime": "1202/191952", "correlationVector":"hMRlTTtyqlrRjtY+1QPlgJ.178","action":"GetUpdates", "result":"DeleteReceived", "context":{"id":"d6274062-ff97-4627-b3a4-c28e3003fe56", "isDeleted:":"true", "version":"1733086713695"}}
{"logTime": "1202/191952", "correlationVector":"hMRlTTtyqlrRjtY+1QPlgJ.179","action":"GetUpdates", "result":"DeleteReceived", "context":{"id":"5d00453f-1344-4f5c-9ae8-a5ff5b713af1", "isDeleted:":"true", "version":"1733086713696"}}
{"logTime": "1202/191952", "correlationVector":"hMRlTTtyqlrRjtY+1QPlgJ.180","action":"GetUpdates", "result":"DeleteReceived", "context":{"id":"639269c6-3e08-443f-aed4-b61a4a33b378", "isDeleted:":"true", "version":"1733155402515"}}
{"logTime": "1202/191952", "correlationVector":"hMRlTTtyqlrRjtY+1QPlgJ.181","action":"GetUpdates", "result":"DeleteReceived", "context":{"id":"19b51623-2b81-4dc8-918f-e987aa5474e6", "isDeleted:":"true", "version":"1733156159785"}}
{"logTime": "1202/191952", "correlationVector":"hMRlTTtyqlrRjtY+1QPlgJ.182","action":"GetUpdates", "result":"DeleteReceived", "context":{"id":"04c4f450-c3b4-4747-bb6c-4340693d98e4", "isDeleted:":"true", "version":"1733157717257"}}
{"logTime": "1202/191952", "correlationVector":"hMRlTTtyqlrRjtY+1QPlgJ.183","action":"GetUpdates", "result":"DeleteReceived", "context":{"id":"1d3906dc-af36-4313-bdbd-d463f5ca9a0b", "isDeleted:":"true", "version":"1733157748042"}}
{"logTime": "1202/191952", "correlationVector":"hMRlTTtyqlrRjtY+1QPlgJ.184","action":"GetUpdates", "result":"DeleteReceived", "context":{"id":"ca837633-a54c-48d2-a48f-dbf6a459c226", "isDeleted:":"true", "version":"1733158467920"}}
{"logTime": "1202/191952", "correlationVector":"hMRlTTtyqlrRjtY+1QPlgJ.185","action":"GetUpdates", "result":"DeleteReceived", "context":{"id":"de9d36ea-8b87-418d-ba97-557e0ed71a45", "isDeleted:":"true", "version":"1733158806005"}}
{"logTime": "1202/191952", "correlationVector":"hMRlTTtyqlrRjtY+1QPlgJ.186","action":"GetUpdates", "result":"DeleteReceived", "context":{"id":"d190e124-b072-4823-a11e-6b4a78dd7a99", "isDeleted:":"true", "version":"1733159104085"}}
{"logTime": "1202/191952", "correlationVector":"hMRlTTtyqlrRjtY+1QPlgJ.187","action":"GetUpdates", "result":"DeleteReceived", "context":{"id":"4a89fa71-4e55-4459-879b-929eadfe6587", "isDeleted:":"true", "version":"1733162144694"}}
{"logTime": "1202/191952", "correlationVector":"hMRlTTtyqlrRjtY+1QPlgJ.188","action":"GetUpdates", "result":"DeleteReceived", "context":{"id":"78e22cb6-20d7-4b81-b85c-7e07a302ae4d", "isDeleted:":"true", "version":"1733162182686"}}
{"logTime": "1202/191952", "correlationVector":"hMRlTTtyqlrRjtY+1QPlgJ.189","action":"GetUpdates", "result":"DeleteReceived", "context":{"id":"291357ea-a2d0-43e8-9d0e-dfd24d85e38d", "isDeleted:":"true", "version":"1733163108630"}}
{"logTime": "1202/191952", "correlationVector":"hMRlTTtyqlrRjtY+1QPlgJ.190","action":"GetUpdates", "result":"DeleteReceived", "context":{"id":"7749a0a1-6bf7-4209-8e9a-83a3c2298ed6", "isDeleted:":"true", "version":"1733164436024"}}
{"logTime": "1202/191952", "correlationVector":"hMRlTTtyqlrRjtY+1QPlgJ.191","action":"GetUpdates", "result":"DeleteReceived", "context":{"id":"f73e937f-572f-402a-a1a3-65bd7f399b17", "isDeleted:":"true", "version":"1733164516902"}}
{"logTime": "1202/191952", "correlationVector":"hMRlTTtyqlrRjtY+1QPlgJ.192","action":"GetUpdates", "result":"DeleteReceived", "context":{"id":"45e6eb35-1835-46cc-9bf1-3a6dd087d002", "isDeleted:":"true", "version":"1733165701423"}}
{"logTime": "1202/191952", "correlationVector":"hMRlTTtyqlrRjtY+1QPlgJ.193","action":"GetUpdates", "result":"DeleteReceived", "context":{"id":"d3dd4972-777a-4e14-938e-835bd81d3ac6", "isDeleted:":"true", "version":"1733165701425"}}
{"logTime": "1202/191952", "correlationVector":"hMRlTTtyqlrRjtY+1QPlgJ.194","action":"GetUpdates", "result":"DeleteReceived", "context":{"id":"d9407c3b-ed34-47e2-bd67-d4e8a515806d", "isDeleted:":"true", "version":"1733003781260"}}
{"logTime": "1202/191952", "correlationVector":"hMRlTTtyqlrRjtY+1QPlgJ.195","action":"GetUpdates", "result":"DeleteReceived", "context":{"id":"fccacbd0-1199-423c-bb1b-5329bf71dbf3", "isDeleted:":"true", "version":"1732564694238"}}
{"logTime": "1202/191952", "correlationVector":"hMRlTTtyqlrRjtY+1QPlgJ.196","action":"GetUpdates Response", "result":"Success", "context":Received 231 update(s). cV=hMRlTTtyqlrRjtY+1QPlgJ.0;server=GENERAL01000015;cloudType=Consumer;environment=Prod_WestEurope_000l;migrationStage=NotStarted}
{"logTime": "1202/191952", "correlationVector":"yN/tHxKiwIy6dzsnpxG4mN","action":"Normal GetUpdate request", "result":"", "context":cV=yN/tHxKiwIy6dzsnpxG4mN
Nudged types: Typed URLs, Sessions, Device Info, User Consents
Refresh requested types: Bookmarks, Preferences, Passwords, Autofill Profiles, Autofill, Typed URLs, Extensions, Sessions, Extension settings, History Delete Directives, Device Info, User Consents, Send Tab To Self, Web Apps, Collection, Edge E Drop, Edge Hub App Usage, Edge Tab Group, Edge Wallet, Encryption Keys}
{"logTime": "1202/191952", "correlationVector":"yN/tHxKiwIy6dzsnpxG4mN.1","action":"SyncServerConnectionManagerRequest", "result":"SYNC_SERVER_OK", "context":{"environment":"Prod_WestEurope_000l", "migrationStage":"NotStarted", "server":"GENERAL0100000I"}}
{"logTime": "1202/191952", "correlationVector":"yN/tHxKiwIy6dzsnpxG4mN.2","action":"GetUpdates Response", "result":"Success", "context":Received 0 update(s). cV=yN/tHxKiwIy6dzsnpxG4mN.0;server=GENERAL0100000I;cloudType=Consumer;environment=Prod_WestEurope_000l;migrationStage=NotStarted}
{"logTime": "1202/191952", "correlationVector":"Gg4msrI9SIUQ6ZZBRG0JdH","action":"Commit Request", "result":"", "context":Item count: 9
Contributing types: Typed URLs, Sessions, Device Info, User Consents}
{"logTime": "1202/191953", "correlationVector":"Gg4msrI9SIUQ6ZZBRG0JdH.1","action":"SyncServerConnectionManagerRequest", "result":"SYNC_SERVER_OK", "context":{"environment":"Prod_WestEurope_000l", "migrationStage":"NotStarted", "server":"GENERAL01000004"}}
{"logTime": "1202/191953", "correlationVector":"Gg4msrI9SIUQ6ZZBRG0JdH.2","action":"Commit Response", "result":"Success", "context":Result: Success. cV=Gg4msrI9SIUQ6ZZBRG0JdH.0;server=GENERAL01000004;cloudType=Consumer;environment=Prod_WestEurope_000l;migrationStage=NotStarted}
{"logTime": "1202/191953", "correlationVector":"vFgmjBv0cMIVuPWzsOZrRT","action":"Commit Request", "result":"", "context":Item count: 1
Contributing types: Sessions}
{"logTime": "1202/191953", "correlationVector":"vFgmjBv0cMIVuPWzsOZrRT.1","action":"SyncServerConnectionManagerRequest", "result":"SYNC_SERVER_OK", "context":{"environment":"Prod_WestEurope_000l", "migrationStage":"NotStarted", "server":"GENERAL01000008"}}
{"logTime": "1202/191953", "correlationVector":"vFgmjBv0cMIVuPWzsOZrRT.2","action":"Commit Response", "result":"Success", "context":Result: Success. cV=vFgmjBv0cMIVuPWzsOZrRT.0;server=GENERAL01000008;cloudType=Consumer;environment=Prod_WestEurope_000l;migrationStage=NotStarted}
{"logTime": "1202/192023", "correlationVector":"vg5ouHqko77YFh7EEniXF7","action":"Commit Request", "result":"", "context":Item count: 40
Contributing types: Passwords}
{"logTime": "1202/192026", "correlationVector":"vg5ouHqko77YFh7EEniXF7.1","action":"SyncServerConnectionManagerRequest", "result":"SYNC_SERVER_OK", "context":{"environment":"Prod_WestEurope_000l", "migrationStage":"NotStarted", "server":"GENERAL0100000S"}}
{"logTime": "1202/192026", "correlationVector":"vg5ouHqko77YFh7EEniXF7.2","action":"Commit Response", "result":"Success", "context":Result: Success. cV=vg5ouHqko77YFh7EEniXF7.0;server=GENERAL0100000S;cloudType=Consumer;environment=Prod_WestEurope_000l;migrationStage=NotStarted}
{"logTime": "1202/192026", "correlationVector":"f10TVXF4FkTA6Rqv7JG0dG","action":"Commit Request", "result":"", "context":Item count: 19
Contributing types: Preferences, Passwords}
{"logTime": "1202/192027", "correlationVector":"f10TVXF4FkTA6Rqv7JG0dG.1","action":"SyncServerConnectionManagerRequest", "result":"SYNC_SERVER_OK", "context":{"environment":"Prod_WestEurope_000l", "migrationStage":"NotStarted", "server":"GENERAL0100001J"}}
{"logTime": "1202/192027", "correlationVector":"f10TVXF4FkTA6Rqv7JG0dG.2","action":"Commit Response", "result":"Success", "context":Result: Success. cV=f10TVXF4FkTA6Rqv7JG0dG.0;server=GENERAL0100001J;cloudType=Consumer;environment=Prod_WestEurope_000l;migrationStage=NotStarted}
{"logTime": "1202/192115", "correlationVector":"C2ApqdVJpj/cp0/RIstS1R","action":"Commit Request", "result":"", "context":Item count: 1
Contributing types: Sessions}
{"logTime": "1202/192116", "correlationVector":"C2ApqdVJpj/cp0/RIstS1R.1","action":"SyncServerConnectionManagerRequest", "result":"SYNC_SERVER_OK", "context":{"environment":"Prod_WestEurope_000l", "migrationStage":"NotStarted", "server":"GENERAL01000003"}}
{"logTime": "1202/192116", "correlationVector":"C2ApqdVJpj/cp0/RIstS1R.2","action":"Commit Response", "result":"Success", "context":Result: Success. cV=C2ApqdVJpj/cp0/RIstS1R.0;server=GENERAL01000003;cloudType=Consumer;environment=Prod_WestEurope_000l;migrationStage=NotStarted}
{"logTime": "1202/195729", "correlationVector":"COz2el9EoLDTv0/xrDjJPF.1","action":"SyncServerConnectionManagerRequest", "result":"SYNC_SERVER_OK", "context":{"environment":"Prod_WestEurope_000l", "migrationStage":"NotStarted", "server":"GENERAL0100000F"}}
{"logTime": "1202/195730", "correlationVector":"Y8kDBxsp7zjveSWPOmuwQ2","action":"SyncServerConnectionManagerRequest", "result":"SYNC_SERVER_OK", "context":{"environment":"", "migrationStage":"", "server":""}}
{"logTime": "1202/195730", "correlationVector":"COz2el9EoLDTv0/xrDjJPF","action":"Initial GetUpdates", "result":"", "context":Reason: NEW_CLIENT. cV=COz2el9EoLDTv0/xrDjJPF}
{"logTime": "1202/195730", "correlationVector":"COz2el9EoLDTv0/xrDjJPF.2","action":"GetUpdates Response", "result":"Success", "context":Received 1 update(s). cV=COz2el9EoLDTv0/xrDjJPF.0;server=GENERAL0100000F;cloudType=Consumer;environment=Prod_WestEurope_000l;migrationStage=NotStarted}
{"logTime": "1202/195730", "correlationVector":"jLVB7XBuS4H1cgjS/cqGyQ","action":"Initial GetUpdates", "result":"", "context":Reason: NEWLY_SUPPORTED_DATATYPE. cV=jLVB7XBuS4H1cgjS/cqGyQ}
{"logTime": "1202/195730", "correlationVector":"jLVB7XBuS4H1cgjS/cqGyQ.1","action":"SyncServerConnectionManagerRequest", "result":"SYNC_SERVER_OK", "context":{"environment":"Prod_WestEurope_000l", "migrationStage":"NotStarted", "server":"GENERAL0100000B"}}
{"logTime": "1202/195730", "correlationVector":"jLVB7XBuS4H1cgjS/cqGyQ.2","action":"GetUpdates", "result":"DeleteReceived", "context":{"id":"24b24d0c-7a48-4f4e-b109-0d620ed45586", "isDeleted:":"true", "version":"1706830898335"}}
{"logTime": "1202/195730", "correlationVector":"jLVB7XBuS4H1cgjS/cqGyQ.3","action":"GetUpdates", "result":"DeleteReceived", "context":{"id":"7d365892-cd29-4f55-a23f-e8db125c2b42", "isDeleted:":"true", "version":"1706831014928"}}
{"logTime": "1202/195730", "correlationVector":"jLVB7XBuS4H1cgjS/cqGyQ.4","action":"GetUpdates", "result":"DeleteReceived", "context":{"id":"2284a407-b9d0-4a00-9d70-c75b801ec76c", "isDeleted:":"true", "version":"1706964279203"}}
{"logTime": "1202/195730", "correlationVector":"jLVB7XBuS4H1cgjS/cqGyQ.5","action":"GetUpdates", "result":"DeleteReceived", "context":{"id":"2fecb94a-00af-4c6b-86b3-3421921ffeba", "isDeleted:":"true", "version":"1722954086618"}}
{"logTime": "1202/195730", "correlationVector":"jLVB7XBuS4H1cgjS/cqGyQ.6","action":"GetUpdates", "result":"DeleteReceived", "context":{"id":"a31fa5f1-7c6c-4401-91a2-2ac7392047ca", "isDeleted:":"true", "version":"1723725290600"}}
{"logTime": "1202/195730", "correlationVector":"jLVB7XBuS4H1cgjS/cqGyQ.7","action":"GetUpdates", "result":"DeleteReceived", "context":{"id":"0788157e-b372-4a66-a0bf-20f0013d81fa", "isDeleted:":"true", "version":"1728917931365"}}
{"logTime": "1202/195730", "correlationVector":"jLVB7XBuS4H1cgjS/cqGyQ.8","action":"GetUpdates", "result":"DeleteReceived", "context":{"id":"ca3789e3-77fd-4b62-bbbe-541ab3f92e85", "isDeleted:":"true", "version":"1733162147348"}}
{"logTime": "1202/195730", "correlationVector":"jLVB7XBuS4H1cgjS/cqGyQ.9","action":"GetUpdates Response", "result":"Success", "context":Received 76 update(s). cV=jLVB7XBuS4H1cgjS/cqGyQ.0;server=GENERAL0100000B;cloudType=Consumer;environment=Prod_WestEurope_000l;migrationStage=NotStarted}
{"logTime": "1202/195730", "correlationVector":"TAPOw9vIG4LVzYzUJcFBJ1","action":"Normal GetUpdate request", "result":"", "context":cV=TAPOw9vIG4LVzYzUJcFBJ1
Nudged types: Sessions, Device Info
Refresh requested types: Bookmarks, Preferences, Passwords, Autofill Profiles, Autofill, Typed URLs, Extensions, Sessions, Extension settings, History Delete Directives, Device Info, User Consents, Send Tab To Self, Web Apps, Collection, Edge E Drop, Edge Hub App Usage, Edge Tab Group, Edge Wallet, Encryption Keys}
{"logTime": "1202/195731", "correlationVector":"TAPOw9vIG4LVzYzUJcFBJ1.1","action":"SyncServerConnectionManagerRequest", "result":"SYNC_SERVER_OK", "context":{"environment":"Prod_WestEurope_000l", "migrationStage":"NotStarted", "server":"GENERAL01000017"}}
{"logTime": "1202/195731", "correlationVector":"TAPOw9vIG4LVzYzUJcFBJ1.2","action":"GetUpdates", "result":"DeleteReceived", "context":{"id":"32ad47a6-42b4-4927-bd2a-0bc747109bc8", "isDeleted:":"true", "version":"1733167192731"}}
{"logTime": "1202/195731", "correlationVector":"TAPOw9vIG4LVzYzUJcFBJ1.3","action":"GetUpdates", "result":"DeleteReceived", "context":{"id":"a69ac6a0-b9ec-4257-94ff-528cc36346d0", "isDeleted:":"true", "version":"1733167739458"}}
{"logTime": "1202/195731", "correlationVector":"TAPOw9vIG4LVzYzUJcFBJ1.4","action":"GetUpdates", "result":"DeleteReceived", "context":{"id":"c429aff4-fbe9-4c84-a2d8-78b04491b5bf", "isDeleted:":"true", "version":"1733167877006"}}
{"logTime": "1202/195731", "correlationVector":"TAPOw9vIG4LVzYzUJcFBJ1.5","action":"GetUpdates", "result":"DeleteReceived", "context":{"id":"963abb6a-3188-4275-96a8-255a65481098", "isDeleted:":"true", "version":"1733168157464"}}
{"logTime": "1202/195731", "correlationVector":"TAPOw9vIG4LVzYzUJcFBJ1.6","action":"GetUpdates", "result":"DeleteReceived", "context":{"id":"6c06b7bf-38d2-4d1e-bdb3-64f9a9cd99c3", "isDeleted:":"true", "version":"1733168157466"}}
{"logTime": "1202/195731", "correlationVector":"TAPOw9vIG4LVzYzUJcFBJ1.7","action":"GetUpdates", "result":"DeleteReceived", "context":{"id":"8181236d-1171-4d6d-87e3-0a61c5ce495f", "isDeleted:":"true", "version":"1733168157467"}}
{"logTime": "1202/195731", "correlationVector":"TAPOw9vIG4LVzYzUJcFBJ1.8","action":"GetUpdates", "result":"DeleteReceived", "context":{"id":"935846cc-cbe8-4759-ae25-54f763531f93", "isDeleted:":"true", "version":"1733168157468"}}
{"logTime": "1202/195731", "correlationVector":"TAPOw9vIG4LVzYzUJcFBJ1.9","action":"GetUpdates", "result":"DeleteReceived", "context":{"id":"21cf205d-e3c7-4347-b32a-bdc8c3084ed3", "isDeleted:":"true", "version":"1733168157470"}}
{"logTime": "1202/195731", "correlationVector":"TAPOw9vIG4LVzYzUJcFBJ1.10","action":"GetUpdates", "result":"DeleteReceived", "context":{"id":"a1693b6b-9592-483d-b8d5-274aa7dfd93d", "isDeleted:":"true", "version":"1733168157471"}}
{"logTime": "1202/195731", "correlationVector":"TAPOw9vIG4LVzYzUJcFBJ1.11","action":"GetUpdates", "result":"DeleteReceived", "context":{"id":"6e810171-3288-4677-aa9e-31ea290e0249", "isDeleted:":"true", "version":"1733168157472"}}
{"logTime": "1202/195731", "correlationVector":"TAPOw9vIG4LVzYzUJcFBJ1.12","action":"GetUpdates Response", "result":"Success", "context":Received 22 update(s). cV=TAPOw9vIG4LVzYzUJcFBJ1.0;server=GENERAL01000017;cloudType=Consumer;environment=Prod_WestEurope_000l;migrationStage=NotStarted}
{"logTime": "1202/195731", "correlationVector":"GTd3vxt7LTKgaZX8ErqV8o","action":"DoCompareDataConsistency requsted types: ", "result":"Bookmarks, Preferences, Passwords, Typed URLs, Extensions, Extension settings, History Delete Directives, Send Tab To Self, Web Apps, Collection, Edge E Drop, Edge Tab Group, Edge Wallet, Encryption Keys"}
{"logTime": "1202/195731", "correlationVector":"GTd3vxt7LTKgaZX8ErqV8o.0","action":"CompareDataConsistency result: ", "result":"Compare result: Encryption Keys is consistent. local entities count is: 1 local entities hash is: LtN62eWeDDxupXPfucKlIFKaKmg="}
{"logTime": "1202/195731", "correlationVector":"GTd3vxt7LTKgaZX8ErqV8o.1","action":"CompareDataConsistency result: ", "result":"Compare result: Bookmarks is consistent. local entities count is: 49 local entities hash is: gg0xPxBJY2Eha1Rwg0nboAPQmjk="}
{"logTime": "1202/195731", "correlationVector":"GTd3vxt7LTKgaZX8ErqV8o.2","action":"CompareDataConsistency result: ", "result":"Compare result: Preferences is consistent. local entities count is: 103 local entities hash is: EgbC6axxKdsYW7ffnjLf0GK1EG8="}
{"logTime": "1202/195731", "correlationVector":"GTd3vxt7LTKgaZX8ErqV8o.3","action":"CompareDataConsistency result: ", "result":"Server did not send this Typed URLs local entities count is: 38 local entities hash is: a0zh6BFV49g0snr3hzUXGG4fyT8="}
{"logTime": "1202/195731", "correlationVector":"GTd3vxt7LTKgaZX8ErqV8o.4","action":"CompareDataConsistency result: ", "result":"Compare result: Extensions is consistent. local entities count is: 12 local entities hash is: KXI4lIezLavL0F0FgSEubXji9UI="}
{"logTime": "1202/195731", "correlationVector":"GTd3vxt7LTKgaZX8ErqV8o.5","action":"CompareDataConsistency result: ", "result":"Compare result: Extension settings is consistent. local entities count is: 8 local entities hash is: aZYg4HvAc8pRz2dcQ63eOaz0jwA="}
{"logTime": "1202/195731", "correlationVector":"GTd3vxt7LTKgaZX8ErqV8o.6","action":"CompareDataConsistency result: ", "result":"Compare result: History Delete Directives is consistent. local entities count is: 0 local entities hash is: "}
{"logTime": "1202/195731", "correlationVector":"GTd3vxt7LTKgaZX8ErqV8o.7","action":"CompareDataConsistency result: ", "result":"Server did not send this Send Tab To Self local entities count is: 0 local entities hash is: "}
{"logTime": "1202/195731", "correlationVector":"GTd3vxt7LTKgaZX8ErqV8o.8","action":"CompareDataConsistency result: ", "result":"Compare result: Web Apps is consistent. local entities count is: 8 local entities hash is: +bZxioDaZJFF5WA+cA1Vgl2dlcc="}
{"logTime": "1202/195731", "correlationVector":"GTd3vxt7LTKgaZX8ErqV8o.9","action":"CompareDataConsistency result: ", "result":"Compare result: Collection is consistent. local entities count is: 0 local entities hash is: "}
{"logTime": "1202/195731", "correlationVector":"GTd3vxt7LTKgaZX8ErqV8o.10","action":"CompareDataConsistency result: ", "result":"Compare result: Edge E Drop is consistent. local entities count is: 0 local entities hash is: "}
{"logTime": "1202/195731", "correlationVector":"GTd3vxt7LTKgaZX8ErqV8o.11","action":"CompareDataConsistency result: ", "result":"Compare result: Edge Tab Group is consistent. local entities count is: 2 local entities hash is: xmY56K2tQ4/lTuNi1ZXdKgjV7eU="}
{"logTime": "1202/195731", "correlationVector":"GTd3vxt7LTKgaZX8ErqV8o.12","action":"CompareDataConsistency result: ", "result":"Compare result: Edge Wallet is consistent. local entities count is: 0 local entities hash is: "}
{"logTime": "1202/195731", "correlationVector":"GTd3vxt7LTKgaZX8ErqV8o.13","action":"CompareDataConsistency result: ", "result":"Compare result: Passwords is consistent. local entities count is: 69 local entities hash is: Nsx48FitxlkSPmc5Hp7RkmLm4QY="}
{"logTime": "1202/195731", "correlationVector":"tDk/nGiWxIhUXbGu9eanPy","action":"Commit Request", "result":"", "context":Item count: 4
Contributing types: Sessions, Device Info}
{"logTime": "1202/195731", "correlationVector":"tDk/nGiWxIhUXbGu9eanPy.1","action":"SyncServerConnectionManagerRequest", "result":"SYNC_SERVER_OK", "context":{"environment":"Prod_WestEurope_000l", "migrationStage":"NotStarted", "server":"GENERAL0100000M"}}
{"logTime": "1202/195731", "correlationVector":"tDk/nGiWxIhUXbGu9eanPy.2","action":"Commit Response", "result":"Success", "context":Result: Success. cV=tDk/nGiWxIhUXbGu9eanPy.0;server=GENERAL0100000M;cloudType=Consumer;environment=Prod_WestEurope_000l;migrationStage=NotStarted}
{"logTime": "1202/195731", "correlationVector":"tDk/nGiWxIhUXbGu9eanPy.3","action":"Commit.Sessions", "result":"Success", "context":{"id":"4520631e-6bfd-4190-bd93-a37adedb26bc", "isDeleted":"true", "size":"0", "version":"1733167274873"}}
{"logTime": "1202/195731", "correlationVector":"","action":"DIAGNOSTIC_REQUEST|v1/diagnosticData/Diagnostic.SendCheckResult()|SUCCESS", "result":""}
{"logTime": "1202/195758", "correlationVector":"r6+vpq/e1fAdqrKawYyEib","action":"Commit Request", "result":"", "context":Item count: 2
Contributing types: Preferences, Sessions}
{"logTime": "1202/195758", "correlationVector":"r6+vpq/e1fAdqrKawYyEib.1","action":"SyncServerConnectionManagerRequest", "result":"SYNC_SERVER_OK", "context":{"environment":"Prod_WestEurope_x00e", "migrationStage":"NotStarted", "server":"GENERAL0200001C"}}
{"logTime": "1202/195758", "correlationVector":"r6+vpq/e1fAdqrKawYyEib.2","action":"Commit Response", "result":"Success", "context":Result: Success. cV=r6+vpq/e1fAdqrKawYyEib.0;server=GENERAL0200001C;cloudType=Consumer;environment=Prod_WestEurope_x00e;migrationStage=NotStarted}
