2024-12-02 19:19:42.340: [INFO][Sync] Reset engine, reason: 8
2024-12-02 19:19:42.340: [INFO][Sync] Stopped: Bookmarks
2024-12-02 19:19:42.340: [INFO][Sync] Stopped: Preferences
2024-12-02 19:19:42.340: [INFO][Sync] Stopped: Passwords
2024-12-02 19:19:42.340: [INFO][Sync] Stopped: Autofill Profiles
2024-12-02 19:19:42.340: [INFO][Sync] Stopped: Autofill
2024-12-02 19:19:42.340: [INFO][Sync] Stopped: Typed URLs
2024-12-02 19:19:42.340: [INFO][Sync] Stopped: Extensions
2024-12-02 19:19:42.340: [INFO][Sync] Stopped: Sessions
2024-12-02 19:19:42.340: [INFO][Sync] Stopped: Extension settings
2024-12-02 19:19:42.340: [INFO][Sync] Stopped: History Delete Directives
2024-12-02 19:19:42.340: [INFO][Sync] Stopped: Device Info
2024-12-02 19:19:42.340: [INFO][Sync] Stopped: User Consents
2024-12-02 19:19:42.340: [INFO][Sync] Stopped: Send Tab To Self
2024-12-02 19:19:42.340: [INFO][Sync] Stopped: Web Apps
2024-12-02 19:19:42.340: [INFO][Sync] Stopped: History
2024-12-02 19:19:42.340: [INFO][Sync] Stopped: Collection
2024-12-02 19:19:42.340: [INFO][Sync] Stopped: Edge E Drop
2024-12-02 19:19:42.340: [INFO][Sync] Stopped: Edge Hub App Usage
2024-12-02 19:19:42.340: [INFO][Sync] Stopped: Edge Tab Group
2024-12-02 19:19:42.340: [INFO][Sync] Stopped: Edge Wallet
2024-12-02 19:19:42.340: [INFO][Sync] SyncState after authenticated was: NotSignedIn
2024-12-02 19:19:42.600: [INFO][Sync] Reset engine, reason: 8
2024-12-02 19:19:42.600: [INFO][Sync] Stopped: Bookmarks
2024-12-02 19:19:42.600: [INFO][Sync] Stopped: Preferences
2024-12-02 19:19:42.600: [INFO][Sync] Stopped: Passwords
2024-12-02 19:19:42.600: [INFO][Sync] Stopped: Autofill Profiles
2024-12-02 19:19:42.600: [INFO][Sync] Stopped: Autofill
2024-12-02 19:19:42.600: [INFO][Sync] Stopped: Typed URLs
2024-12-02 19:19:42.600: [INFO][Sync] Stopped: Extensions
2024-12-02 19:19:42.600: [INFO][Sync] Stopped: Sessions
2024-12-02 19:19:42.600: [INFO][Sync] Stopped: Extension settings
2024-12-02 19:19:42.600: [INFO][Sync] Stopped: History Delete Directives
2024-12-02 19:19:42.600: [INFO][Sync] Stopped: Device Info
2024-12-02 19:19:42.600: [INFO][Sync] Stopped: User Consents
2024-12-02 19:19:42.600: [INFO][Sync] Stopped: Send Tab To Self
2024-12-02 19:19:42.600: [INFO][Sync] Stopped: Web Apps
2024-12-02 19:19:42.600: [INFO][Sync] Stopped: History
2024-12-02 19:19:42.600: [INFO][Sync] Stopped: Collection
2024-12-02 19:19:42.600: [INFO][Sync] Stopped: Edge E Drop
2024-12-02 19:19:42.600: [INFO][Sync] Stopped: Edge Hub App Usage
2024-12-02 19:19:42.600: [INFO][Sync] Stopped: Edge Tab Group
2024-12-02 19:19:42.600: [INFO][Sync] Stopped: Edge Wallet
2024-12-02 19:19:42.772: [INFO][Sync] Try to start sync engine
2024-12-02 19:19:42.773: [INFO][SyncManagerImpl::NudgeForInitialDownload] Initial download nudge for Encryption Keys
2024-12-02 19:19:42.773: [INFO][SyncEngineBackend::LoadAndConnectNigoriController] Load and connect Nigori controller
2024-12-02 19:19:42.773: [INFO][SyncEngineBackend::DoInitialize] Control Types added: Encryption Keys
2024-12-02 19:19:42.773: [INFO][SyncManagerImpl::ConfigureSyncer] Types to download: Encryption Keys with reason: 3
2024-12-02 19:19:42.774: [INFO][SyncSchedulerImpl::DoConfigurationSyncCycleJob] Configure job was blocked
2024-12-02 19:19:43.001: [INFO][SyncAuthManager::SetLastAuthError] Current auth error: None
2024-12-02 19:19:43.001: [INFO][SyncAuthManager::EdgeLogTokenErrorState] Token error with: None for account type: MSA
2024-12-02 19:19:43.001: [INFO][Sync] Credentials changed for: EdgeSyncScopeNew
2024-12-02 19:19:44.383: [INFO][SyncAuthManager::SetLastAuthError] Current auth error: None
2024-12-02 19:19:44.383: [INFO][SyncAuthManager::EdgeLogTokenErrorState] Token error with: None for account type: MSA
2024-12-02 19:19:44.383: [INFO][Sync] Credentials changed for: EdgeSyncKeyDataScope
2024-12-02 19:19:44.383: [INFO][SyncEngineBackend::DoUpdateKeyDataCredentials] Update key data credentials
2024-12-02 19:19:44.383: [INFO][SyncEngineBackend::DoUpdateCredentials] Update credentials
2024-12-02 19:19:44.383: [INFO][SyncSchedulerImpl::DoConfigurationSyncCycleJob] Blocked types:  and types to download: Encryption Keys
2024-12-02 19:19:44.639: [INFO][Sync] Started DataTypeManager configuration, reason: 4
2024-12-02 19:19:44.639: [INFO][Sync] Configuring for: Bookmarks, Preferences, Passwords, Autofill Profiles, Autofill, Typed URLs, Extensions, Sessions, Extension settings, History Delete Directives, Device Info, User Consents, Send Tab To Self, Web Apps, Collection, Edge E Drop, Edge Hub App Usage, Edge Tab Group, Edge Wallet, Encryption Keys, reason: 3, current state: 0
2024-12-02 19:19:44.640: [INFO][Sync] Configure, desired: Bookmarks, Preferences, Typed URLs, Extensions, Sessions, Extension settings, History Delete Directives, Device Info, User Consents, Send Tab To Self, Web Apps, Collection, Edge E Drop, Edge Hub App Usage, Edge Tab Group, Edge Wallet, Encryption Keys; Allow fail: Passwords, Autofill Profiles, Autofill
2024-12-02 19:19:44.640: [INFO][Sync] Loading: Bookmarks
2024-12-02 19:19:44.640: [INFO][Sync] Loading: Preferences
2024-12-02 19:19:44.640: [INFO][Sync] Loading: Typed URLs
2024-12-02 19:19:44.640: [INFO][Sync] Loading: Extensions
2024-12-02 19:19:44.640: [INFO][Sync] Loading: Sessions
2024-12-02 19:19:44.640: [INFO][Sync] Loading: Extension settings
2024-12-02 19:19:44.640: [INFO][Sync] Loading: History Delete Directives
2024-12-02 19:19:44.640: [INFO][Sync] Loading: Device Info
2024-12-02 19:19:44.640: [INFO][Sync] Loading: User Consents
2024-12-02 19:19:44.640: [INFO][Sync] Loading: Send Tab To Self
2024-12-02 19:19:44.640: [INFO][Sync] Loading: Web Apps
2024-12-02 19:19:44.640: [INFO][Sync] Loading: Collection
2024-12-02 19:19:44.640: [INFO][Sync] Loading: Edge E Drop
2024-12-02 19:19:44.640: [INFO][Sync] Loading: Edge Hub App Usage
2024-12-02 19:19:44.640: [INFO][Sync] Loading: Edge Tab Group
2024-12-02 19:19:44.640: [INFO][Sync] Loading: Edge Wallet
2024-12-02 19:19:44.642: [INFO][Sync] All data types are ready for configure.
2024-12-02 19:19:45.067: [INFO][SyncEngineBackend::DoStartConfiguration] Start configuration
2024-12-02 19:19:45.067: [INFO][SyncManagerImpl::NudgeForInitialDownload] Initial download nudge for Bookmarks
2024-12-02 19:19:45.067: [INFO][SyncManagerImpl::NudgeForInitialDownload] Initial download nudge for Preferences
2024-12-02 19:19:45.067: [INFO][SyncManagerImpl::NudgeForInitialDownload] Initial download nudge for Typed URLs
2024-12-02 19:19:45.067: [INFO][SyncManagerImpl::NudgeForInitialDownload] Initial download nudge for Extensions
2024-12-02 19:19:45.067: [INFO][SyncManagerImpl::NudgeForInitialDownload] Initial download nudge for Sessions
2024-12-02 19:19:45.067: [INFO][SyncManagerImpl::NudgeForInitialDownload] Initial download nudge for Extension settings
2024-12-02 19:19:45.067: [INFO][SyncManagerImpl::NudgeForInitialDownload] Initial download nudge for History Delete Directives
2024-12-02 19:19:45.067: [INFO][SyncManagerImpl::NudgeForInitialDownload] Initial download nudge for Device Info
2024-12-02 19:19:45.067: [INFO][SyncManagerImpl::NudgeForInitialDownload] Initial download nudge for Send Tab To Self
2024-12-02 19:19:45.067: [INFO][SyncManagerImpl::NudgeForInitialDownload] Initial download nudge for Web Apps
2024-12-02 19:19:45.067: [INFO][SyncManagerImpl::NudgeForInitialDownload] Initial download nudge for Collection
2024-12-02 19:19:45.067: [INFO][SyncManagerImpl::NudgeForInitialDownload] Initial download nudge for Edge E Drop
2024-12-02 19:19:45.067: [INFO][SyncManagerImpl::NudgeForInitialDownload] Initial download nudge for Edge Hub App Usage
2024-12-02 19:19:45.067: [INFO][SyncManagerImpl::NudgeForInitialDownload] Initial download nudge for Edge Tab Group
2024-12-02 19:19:45.067: [INFO][SyncManagerImpl::NudgeForInitialDownload] Initial download nudge for Edge Wallet
2024-12-02 19:19:45.067: [INFO][SyncManagerImpl::ConfigureSyncer] Types to download:  with reason: 3
2024-12-02 19:19:45.067: [INFO][SyncEngineBackend::DoFinishConfigureDataTypes] Failed to download types:  and succeeded types: 
2024-12-02 19:19:45.068: [INFO][Sync] Started DataTypeManager configuration, reason: 5
2024-12-02 19:19:45.068: [INFO][Sync] Configuring for: Bookmarks, Preferences, Passwords, Autofill Profiles, Autofill, Typed URLs, Extensions, Sessions, Extension settings, History Delete Directives, Device Info, User Consents, Send Tab To Self, Web Apps, Collection, Edge E Drop, Edge Hub App Usage, Edge Tab Group, Edge Wallet, Encryption Keys, reason: 5, current state: 1
2024-12-02 19:19:45.070: [INFO][Sync] ConfigurationDone, failed: , succeeded: , remaining count: 3
2024-12-02 19:19:45.070: [WARN][Sync]     Reconfigure requested while configuration ongoing.
2024-12-02 19:19:45.070: [INFO][Sync] Configuring for: Bookmarks, Preferences, Passwords, Autofill Profiles, Autofill, Typed URLs, Extensions, Sessions, Extension settings, History Delete Directives, Device Info, User Consents, Send Tab To Self, Web Apps, Collection, Edge E Drop, Edge Hub App Usage, Edge Tab Group, Edge Wallet, Encryption Keys, reason: 5, current state: 2
2024-12-02 19:19:45.070: [INFO][Sync] Configure, desired: Bookmarks, Preferences, Passwords, Autofill Profiles, Autofill, Typed URLs, Extensions, Sessions, Extension settings, History Delete Directives, Device Info, User Consents, Send Tab To Self, Web Apps, Collection, Edge E Drop, Edge Hub App Usage, Edge Tab Group, Edge Wallet, Encryption Keys; Allow fail: 
2024-12-02 19:19:45.070: [INFO][Sync] Loading: Passwords
2024-12-02 19:19:45.070: [INFO][Sync] Loading: Autofill Profiles
2024-12-02 19:19:45.070: [INFO][Sync] Loading: Autofill
2024-12-02 19:19:45.070: [INFO][Sync] All data types are ready for configure.
2024-12-02 19:19:45.070: [INFO][SyncManagerImpl::NudgeForInitialDownload] Initial download nudge for Passwords
2024-12-02 19:19:45.071: [INFO][SyncManagerImpl::NudgeForInitialDownload] Initial download nudge for Autofill Profiles
2024-12-02 19:19:45.071: [INFO][SyncManagerImpl::NudgeForInitialDownload] Initial download nudge for Autofill
2024-12-02 19:19:45.071: [INFO][SyncManagerImpl::ConfigureSyncer] Types to download:  with reason: 5
2024-12-02 19:19:45.071: [INFO][SyncEngineBackend::DoFinishConfigureDataTypes] Failed to download types:  and succeeded types: 
2024-12-02 19:19:45.071: [INFO][Sync] ConfigurationDone, failed: , succeeded: , remaining count: 3
2024-12-02 19:19:45.072: [INFO][Sync] Prepare to configure types: Preferences, Passwords, Device Info, Send Tab To Self, Edge E Drop, Encryption Keys
2024-12-02 19:19:45.072: [INFO][SyncManagerImpl::ConfigureSyncer] Types to download: Preferences, Passwords, Device Info, Send Tab To Self, Edge E Drop, Encryption Keys with reason: 5
2024-12-02 19:19:45.072: [INFO][SyncSchedulerImpl::DoConfigurationSyncCycleJob] Blocked types:  and types to download: Preferences, Passwords, Device Info, Send Tab To Self, Edge E Drop, Encryption Keys
2024-12-02 19:19:46.429: [INFO][SyncEngineBackend::DoFinishConfigureDataTypes] Failed to download types:  and succeeded types: Preferences, Passwords, Device Info, Send Tab To Self, Edge E Drop, Encryption Keys
2024-12-02 19:19:46.451: [INFO][Sync] ConfigurationDone, failed: , succeeded: Preferences, Passwords, Device Info, Send Tab To Self, Edge E Drop, Encryption Keys, remaining count: 2
2024-12-02 19:19:46.451: [INFO][Sync] Prepare to configure types: Bookmarks, Encryption Keys
2024-12-02 19:19:46.451: [INFO][SyncManagerImpl::ConfigureSyncer] Types to download: Bookmarks, Encryption Keys with reason: 5
2024-12-02 19:19:46.451: [INFO][SyncSchedulerImpl::DoConfigurationSyncCycleJob] Blocked types:  and types to download: Bookmarks, Encryption Keys
2024-12-02 19:19:47.129: [INFO][SyncEngineBackend::DoFinishConfigureDataTypes] Failed to download types:  and succeeded types: Bookmarks, Encryption Keys
2024-12-02 19:19:47.132: [INFO][Sync] ConfigurationDone, failed: , succeeded: Bookmarks, Encryption Keys, remaining count: 1
2024-12-02 19:19:47.133: [INFO][Sync] Prepare to configure types: Autofill Profiles, Autofill, Typed URLs, Extensions, Sessions, Extension settings, History Delete Directives, Web Apps, Collection, Edge Hub App Usage, Edge Tab Group, Edge Wallet, Encryption Keys
2024-12-02 19:19:47.133: [INFO][SyncManagerImpl::ConfigureSyncer] Types to download: Autofill Profiles, Autofill, Typed URLs, Extensions, Sessions, Extension settings, History Delete Directives, Web Apps, Collection, Edge Hub App Usage, Edge Tab Group, Edge Wallet, Encryption Keys with reason: 5
2024-12-02 19:19:47.133: [INFO][SyncSchedulerImpl::DoConfigurationSyncCycleJob] Blocked types:  and types to download: Autofill Profiles, Autofill, Typed URLs, Extensions, Sessions, Extension settings, History Delete Directives, Web Apps, Collection, Edge Hub App Usage, Edge Tab Group, Edge Wallet, Encryption Keys
2024-12-02 19:19:52.495: [INFO][SyncEngineBackend::DoFinishConfigureDataTypes] Failed to download types:  and succeeded types: Autofill Profiles, Autofill, Typed URLs, Extensions, Sessions, Extension settings, History Delete Directives, Web Apps, Collection, Edge Hub App Usage, Edge Tab Group, Edge Wallet, Encryption Keys
2024-12-02 19:19:52.505: [INFO][Sync] ConfigurationDone, failed: , succeeded: Autofill Profiles, Autofill, Typed URLs, Extensions, Sessions, Extension settings, History Delete Directives, Web Apps, Collection, Edge Hub App Usage, Edge Tab Group, Edge Wallet, Encryption Keys, remaining count: 0
2024-12-02 19:19:52.506: [INFO][Sync]     Configuration completed, state: 7
2024-12-02 19:19:52.506: [INFO][Sync] Configured DataTypeManager: Ok
2024-12-02 19:19:52.507: [INFO][SyncEngineBackend::DoStartSyncing] Start syncing
2024-12-02 19:57:27.427: [INFO][Sync] SyncState after authenticated was: FeatureCanStart
2024-12-02 19:57:27.795: [INFO][Sync] Try to start sync engine
2024-12-02 19:57:27.796: [INFO][SyncManagerImpl::NudgeForInitialDownload] Initial download nudge for Encryption Keys
2024-12-02 19:57:27.796: [INFO][SyncEngineBackend::LoadAndConnectNigoriController] Load and connect Nigori controller
2024-12-02 19:57:27.796: [INFO][SyncEngineBackend::DoInitialize] Control Types added: Encryption Keys
2024-12-02 19:57:27.796: [INFO][SyncManagerImpl::ConfigureSyncer] Types to download: Encryption Keys with reason: 3
2024-12-02 19:57:27.796: [INFO][SyncSchedulerImpl::DoConfigurationSyncCycleJob] Configure job was blocked
2024-12-02 19:57:29.290: [INFO][SyncAuthManager::SetLastAuthError] Current auth error: None
2024-12-02 19:57:29.291: [INFO][SyncAuthManager::EdgeLogTokenErrorState] Token error with: None for account type: MSA
2024-12-02 19:57:29.291: [INFO][Sync] Credentials changed for: EdgeSyncScopeNew
2024-12-02 19:57:29.449: [INFO][SyncAuthManager::SetLastAuthError] Current auth error: None
2024-12-02 19:57:29.449: [INFO][SyncAuthManager::EdgeLogTokenErrorState] Token error with: None for account type: MSA
2024-12-02 19:57:29.449: [INFO][Sync] Credentials changed for: EdgeSyncKeyDataScope
2024-12-02 19:57:29.449: [INFO][SyncEngineBackend::DoUpdateKeyDataCredentials] Update key data credentials
2024-12-02 19:57:29.449: [INFO][SyncEngineBackend::DoUpdateCredentials] Update credentials
2024-12-02 19:57:29.449: [INFO][SyncSchedulerImpl::DoConfigurationSyncCycleJob] Blocked types:  and types to download: Encryption Keys
2024-12-02 19:57:29.660: [INFO][Sync] Started DataTypeManager configuration, reason: 4
2024-12-02 19:57:29.660: [INFO][Sync] Configuring for: Bookmarks, Preferences, Passwords, Autofill Profiles, Autofill, Typed URLs, Extensions, Sessions, Extension settings, History Delete Directives, Device Info, User Consents, Send Tab To Self, Web Apps, Collection, Edge E Drop, Edge Hub App Usage, Edge Tab Group, Edge Wallet, Encryption Keys, reason: 4, current state: 0
2024-12-02 19:57:29.663: [INFO][Sync] Configure, desired: Bookmarks, Preferences, Typed URLs, Extensions, Sessions, Extension settings, History Delete Directives, Device Info, User Consents, Send Tab To Self, Web Apps, Collection, Edge E Drop, Edge Hub App Usage, Edge Tab Group, Edge Wallet, Encryption Keys; Allow fail: Passwords, Autofill Profiles, Autofill
2024-12-02 19:57:29.663: [INFO][Sync] Loading: Bookmarks
2024-12-02 19:57:29.663: [INFO][Sync] Loading: Preferences
2024-12-02 19:57:29.663: [INFO][Sync] Loading: Typed URLs
2024-12-02 19:57:29.663: [INFO][Sync] Loading: Extensions
2024-12-02 19:57:29.663: [INFO][Sync] Loading: Sessions
2024-12-02 19:57:29.663: [INFO][Sync] Loading: Extension settings
2024-12-02 19:57:29.663: [INFO][Sync] Loading: History Delete Directives
2024-12-02 19:57:29.664: [INFO][Sync] Loading: Device Info
2024-12-02 19:57:29.664: [INFO][Sync] Loading: User Consents
2024-12-02 19:57:29.664: [INFO][Sync] Loading: Send Tab To Self
2024-12-02 19:57:29.664: [INFO][Sync] Loading: Web Apps
2024-12-02 19:57:29.664: [INFO][Sync] Loading: Collection
2024-12-02 19:57:29.664: [INFO][Sync] Loading: Edge E Drop
2024-12-02 19:57:29.664: [INFO][Sync] Loading: Edge Hub App Usage
2024-12-02 19:57:29.664: [INFO][Sync] Loading: Edge Tab Group
2024-12-02 19:57:29.664: [INFO][Sync] Loading: Edge Wallet
2024-12-02 19:57:29.671: [INFO][Sync] All data types are ready for configure.
2024-12-02 19:57:30.178: [INFO][SyncEngineBackend::DoStartConfiguration] Start configuration
2024-12-02 19:57:30.178: [INFO][SyncManagerImpl::ConfigureSyncer] Types to download:  with reason: 4
2024-12-02 19:57:30.178: [INFO][SyncEngineBackend::DoFinishConfigureDataTypes] Failed to download types:  and succeeded types: 
2024-12-02 19:57:30.180: [INFO][Sync] Started DataTypeManager configuration, reason: 5
2024-12-02 19:57:30.180: [INFO][Sync] Configuring for: Bookmarks, Preferences, Passwords, Autofill Profiles, Autofill, Typed URLs, Extensions, Sessions, Extension settings, History Delete Directives, Device Info, User Consents, Send Tab To Self, Web Apps, Collection, Edge E Drop, Edge Hub App Usage, Edge Tab Group, Edge Wallet, Encryption Keys, reason: 5, current state: 1
2024-12-02 19:57:30.185: [INFO][Sync] ConfigurationDone, failed: , succeeded: , remaining count: 3
2024-12-02 19:57:30.185: [WARN][Sync]     Reconfigure requested while configuration ongoing.
2024-12-02 19:57:30.185: [INFO][Sync] Configuring for: Bookmarks, Preferences, Passwords, Autofill Profiles, Autofill, Typed URLs, Extensions, Sessions, Extension settings, History Delete Directives, Device Info, User Consents, Send Tab To Self, Web Apps, Collection, Edge E Drop, Edge Hub App Usage, Edge Tab Group, Edge Wallet, Encryption Keys, reason: 5, current state: 2
2024-12-02 19:57:30.185: [INFO][Sync] Configure, desired: Bookmarks, Preferences, Passwords, Autofill Profiles, Autofill, Typed URLs, Extensions, Sessions, Extension settings, History Delete Directives, Device Info, User Consents, Send Tab To Self, Web Apps, Collection, Edge E Drop, Edge Hub App Usage, Edge Tab Group, Edge Wallet, Encryption Keys; Allow fail: 
2024-12-02 19:57:30.185: [INFO][Sync] Loading: Passwords
2024-12-02 19:57:30.185: [INFO][Sync] Loading: Autofill Profiles
2024-12-02 19:57:30.185: [INFO][Sync] Loading: Autofill
2024-12-02 19:57:30.185: [INFO][Sync] All data types are ready for configure.
2024-12-02 19:57:30.186: [INFO][SyncManagerImpl::NudgeForInitialDownload] Initial download nudge for Passwords
2024-12-02 19:57:30.186: [INFO][SyncManagerImpl::ConfigureSyncer] Types to download:  with reason: 5
2024-12-02 19:57:30.186: [INFO][SyncEngineBackend::DoFinishConfigureDataTypes] Failed to download types:  and succeeded types: 
2024-12-02 19:57:30.186: [INFO][Sync] ConfigurationDone, failed: , succeeded: , remaining count: 3
2024-12-02 19:57:30.186: [INFO][Sync] Prepare to configure types: Passwords, Encryption Keys
2024-12-02 19:57:30.186: [INFO][SyncManagerImpl::ConfigureSyncer] Types to download: Passwords, Encryption Keys with reason: 5
2024-12-02 19:57:30.186: [INFO][SyncSchedulerImpl::DoConfigurationSyncCycleJob] Blocked types:  and types to download: Passwords, Encryption Keys
2024-12-02 19:57:30.472: [INFO][SyncEngineBackend::DoFinishConfigureDataTypes] Failed to download types:  and succeeded types: Passwords, Encryption Keys
2024-12-02 19:57:30.476: [INFO][Sync] ConfigurationDone, failed: , succeeded: Passwords, Encryption Keys, remaining count: 2
2024-12-02 19:57:30.476: [INFO][SyncManagerImpl::ConfigureSyncer] Types to download:  with reason: 5
2024-12-02 19:57:30.476: [INFO][SyncEngineBackend::DoFinishConfigureDataTypes] Failed to download types:  and succeeded types: 
2024-12-02 19:57:30.477: [INFO][Sync] ConfigurationDone, failed: , succeeded: , remaining count: 1
2024-12-02 19:57:30.481: [INFO][SyncManagerImpl::ConfigureSyncer] Types to download:  with reason: 5
2024-12-02 19:57:30.481: [INFO][SyncEngineBackend::DoFinishConfigureDataTypes] Failed to download types:  and succeeded types: 
2024-12-02 19:57:30.481: [INFO][Sync] ConfigurationDone, failed: , succeeded: , remaining count: 0
2024-12-02 19:57:30.485: [INFO][Sync]     Configuration completed, state: 7
2024-12-02 19:57:30.485: [INFO][Sync] Configured DataTypeManager: Ok
2024-12-02 19:57:30.490: [INFO][SyncEngineBackend::DoStartSyncing] Start syncing
2024-12-02 19:58:14.579: [INFO][Sync] Reset engine, reason: 0
2024-12-02 19:58:14.579: [INFO][Sync] Reset engine with reason: 0
